#
# There is insufficient memory for the Java Runtime Environment to continue.
# Native memory allocation (malloc) failed to allocate 1053056 bytes for Chunk::new
# Possible reasons:
#   The system is out of physical RAM or swap space
#   The process is running with CompressedOops enabled, and the Java Heap may be blocking the growth of the native heap
# Possible solutions:
#   Reduce memory load on the system
#   Increase physical memory or swap space
#   Check if swap backing store is full
#   Decrease Java heap size (-Xmx/-Xms)
#   Decrease number of Java threads
#   Decrease Java thread stack sizes (-Xss)
#   Set larger code cache with -XX:ReservedCodeCacheSize=
#   JVM is running with Unscaled Compressed Oops mode in which the Java heap is
#     placed in the first 4GB address space. The Java Heap base address is the
#     maximum limit for the native heap growth. Please use -XX:HeapBaseMinAddress
#     to set the Java Heap base and to place the Java Heap above 4GB virtual address.
# This output file may be truncated or incomplete.
#
#  Out of Memory Error (./src/hotspot/share/memory/arena.cpp:197), pid=17496, tid=19788
#
# JRE version: OpenJDK Runtime Environment (11.0.8+10) (build 11.0.8+10-b944.6842174)
# Java VM: OpenJDK 64-Bit Server VM (11.0.8+10-b944.6842174, mixed mode, tiered, compressed oops, g1 gc, windows-amd64)
# No core dump will be written. Minidumps are not enabled by default on client versions of Windows
#

---------------  S U M M A R Y ------------

Command Line: --add-opens=java.base/java.util=ALL-UNNAMED --add-opens=java.base/java.lang=ALL-UNNAMED --add-opens=java.base/java.lang.invoke=ALL-UNNAMED --add-opens=java.prefs/java.util.prefs=ALL-UNNAMED -Xmx1536m -Dfile.encoding=windows-1252 -Duser.country=FR -Duser.language=fr -Duser.variant org.gradle.launcher.daemon.bootstrap.GradleDaemon 6.7.1

Host: Intel(R) Core(TM) i5-8300H CPU @ 2.30GHz, 8 cores, 7G,  Windows 10 , 64 bit Build 19041 (10.0.19041.1023)
Time: Tue Jul 27 23:21:17 2021 Paris, Madrid (heure d’été) elapsed time: 56 seconds (0d 0h 0m 56s)

---------------  T H R E A D  ---------------

Current thread (0x0000016b78df8800):  JavaThread "C2 CompilerThread0" daemon [_thread_in_native, id=19788, stack(0x0000006a5ff00000,0x0000006a60000000)]


Current CompileTask:
C2:  56871 8737       4       org.gradle.internal.snapshot.SnapshotUtil::getMetadataFromChildren (317 bytes)

Stack: [0x0000006a5ff00000,0x0000006a60000000]
Native frames: (J=compiled Java code, j=interpreted, Vv=VM code, C=native code)
V  [jvm.dll+0x5de50a]
V  [jvm.dll+0x7122f5]
V  [jvm.dll+0x71384d]
V  [jvm.dll+0x713f03]
V  [jvm.dll+0x23e728]
V  [jvm.dll+0xb899c]
V  [jvm.dll+0xb8e9c]
V  [jvm.dll+0x2b20e4]
V  [jvm.dll+0x502098]
V  [jvm.dll+0x1ff393]
V  [jvm.dll+0x1f917c]
V  [jvm.dll+0x1f685f]
V  [jvm.dll+0x17f32c]
V  [jvm.dll+0x205047]
V  [jvm.dll+0x203891]
V  [jvm.dll+0x6dad3f]
V  [jvm.dll+0x6d3895]
V  [jvm.dll+0x5dd4a6]
C  [ucrtbase.dll+0x21bb2]
C  [KERNEL32.DLL+0x17034]
C  [ntdll.dll+0x52651]


---------------  P R O C E S S  ---------------

Threads class SMR info:
_java_thread_list=0x0000016b7c3dadb0, length=147, elements={
0x0000016b6ede9000, 0x0000016b78dd9800, 0x0000016b78de3000, 0x0000016b78df6000,
0x0000016b78df7000, 0x0000016b78df8800, 0x0000016b78dfb800, 0x0000016b78dfd000,
0x0000016b798e5000, 0x0000016b798ef000, 0x0000016b7b4f3000, 0x0000016b7b4d3000,
0x0000016b7a932000, 0x0000016b7b4d6000, 0x0000016b7af4f800, 0x0000016b7afee000,
0x0000016b7b468000, 0x0000016b7b683000, 0x0000016b7a843000, 0x0000016b7b4c0000,
0x0000016b7b3c2800, 0x0000016b7b3c0000, 0x0000016b7b3be800, 0x0000016b7b3c2000,
0x0000016b7b3bd000, 0x0000016b7b3c3800, 0x0000016b7b3c1000, 0x0000016b7b3bd800,
0x0000016b7b3bf800, 0x0000016b797b9000, 0x0000016b797ba000, 0x0000016b797b5000,
0x0000016b797b4000, 0x0000016b797b5800, 0x0000016b797bb800, 0x0000016b797b8000,
0x0000016b797ba800, 0x0000016b797bc800, 0x0000016b797b6800, 0x0000016b797be800,
0x0000016b797c0800, 0x0000016b797be000, 0x0000016b797c3000, 0x0000016b797bd000,
0x0000016b797c1000, 0x0000016b797bf800, 0x0000016b797c2000, 0x0000016b7c2f8000,
0x0000016b7c2f8800, 0x0000016b7c2fa800, 0x0000016b7c2fc000, 0x0000016b7c2fc800,
0x0000016b7c2f9800, 0x0000016b7c2f7000, 0x0000016b7c2fb000, 0x0000016b7c302800,
0x0000016b7c2ff000, 0x0000016b7c300000, 0x0000016b7c303800, 0x0000016b7c301000,
0x0000016b7c301800, 0x0000016b7c2fd800, 0x0000016b7c304000, 0x0000016b7c2fe800,
0x0000016b7c305000, 0x0000016b7c305800, 0x0000016b7c2ec000, 0x0000016b7c2e8800,
0x0000016b7c2ea800, 0x0000016b7c2ec800, 0x0000016b7c2eb000, 0x0000016b7c2e7000,
0x0000016b7c2ed800, 0x0000016b7c2e9800, 0x0000016b7c2e8000, 0x0000016b7c2f4000,
0x0000016b7c2ee800, 0x0000016b7c2f3000, 0x0000016b7c2f5000, 0x0000016b7c2f2800,
0x0000016b7c2f0000, 0x0000016b7c2ef000, 0x0000016b7c2f1000, 0x0000016b7c2f5800,
0x0000016b7c2f1800, 0x0000016b7da6f000, 0x0000016b7da74000, 0x0000016b7da75000,
0x0000016b7da75800, 0x0000016b7da70000, 0x0000016b7da76800, 0x0000016b7da71000,
0x0000016b7da72800, 0x0000016b7da77800, 0x0000016b7da71800, 0x0000016b7da78000,
0x0000016b7da73000, 0x0000016b7da7d000, 0x0000016b7da7c000, 0x0000016b7da7a800,
0x0000016b7da7b800, 0x0000016b7da7e000, 0x0000016b7da79000, 0x0000016b7da79800,
0x0000016b7d486800, 0x0000016b7d487800, 0x0000016b7d48a000, 0x0000016b7d486000,
0x0000016b7d48c800, 0x0000016b7d48a800, 0x0000016b7d489000, 0x0000016b7d48d000,
0x0000016b7d48e000, 0x0000016b7d48b800, 0x0000016b7d488000, 0x0000016b7d490800,
0x0000016b7d48e800, 0x0000016b7d493800, 0x0000016b7d492000, 0x0000016b7d48f800,
0x0000016b7d494800, 0x0000016b7d491000, 0x0000016b7d493000, 0x0000016b7d4ae800,
0x0000016b7d4af800, 0x0000016b7d4ac000, 0x0000016b7d4ad000, 0x0000016b7d4aa000,
0x0000016b7d4aa800, 0x0000016b7d4b0800, 0x0000016b7d4b1000, 0x0000016b7d4ae000,
0x0000016b7d4ab800, 0x0000016b7d4b3800, 0x0000016b7d4b3000, 0x0000016b7d4b5000,
0x0000016b7d4b4800, 0x0000016b7d4b6000, 0x0000016b7d4b7800, 0x0000016b7d4b7000,
0x0000016b7d4b2000, 0x0000016b7d4b8800, 0x0000016b7e08f000, 0x0000016b7e08b000,
0x0000016b7e08e000, 0x0000016b7e08c000, 0x0000016b7e08c800
}

Java Threads: ( => current thread )
  0x0000016b6ede9000 JavaThread "main" [_thread_blocked, id=17464, stack(0x0000006a5f400000,0x0000006a5f500000)]
  0x0000016b78dd9800 JavaThread "Reference Handler" daemon [_thread_blocked, id=22124, stack(0x0000006a5fb00000,0x0000006a5fc00000)]
  0x0000016b78de3000 JavaThread "Finalizer" daemon [_thread_blocked, id=8468, stack(0x0000006a5fc00000,0x0000006a5fd00000)]
  0x0000016b78df6000 JavaThread "Signal Dispatcher" daemon [_thread_blocked, id=14964, stack(0x0000006a5fd00000,0x0000006a5fe00000)]
  0x0000016b78df7000 JavaThread "Attach Listener" daemon [_thread_blocked, id=17916, stack(0x0000006a5fe00000,0x0000006a5ff00000)]
=>0x0000016b78df8800 JavaThread "C2 CompilerThread0" daemon [_thread_in_native, id=19788, stack(0x0000006a5ff00000,0x0000006a60000000)]
  0x0000016b78dfb800 JavaThread "C1 CompilerThread0" daemon [_thread_blocked, id=7836, stack(0x0000006a60000000,0x0000006a60100000)]
  0x0000016b78dfd000 JavaThread "Sweeper thread" daemon [_thread_blocked, id=21976, stack(0x0000006a60100000,0x0000006a60200000)]
  0x0000016b798e5000 JavaThread "Common-Cleaner" daemon [_thread_blocked, id=19204, stack(0x0000006a60200000,0x0000006a60300000)]
  0x0000016b798ef000 JavaThread "Service Thread" daemon [_thread_blocked, id=21084, stack(0x0000006a60300000,0x0000006a60400000)]
  0x0000016b7b4f3000 JavaThread "Daemon health stats" [_thread_blocked, id=8984, stack(0x0000006a60700000,0x0000006a60800000)]
  0x0000016b7b4d3000 JavaThread "Incoming local TCP Connector on port 49643" [_thread_in_native, id=17596, stack(0x0000006a60a00000,0x0000006a60b00000)]
  0x0000016b7a932000 JavaThread "Daemon periodic checks" [_thread_blocked, id=17636, stack(0x0000006a60b00000,0x0000006a60c00000)]
  0x0000016b7b4d6000 JavaThread "Daemon" [_thread_blocked, id=3876, stack(0x0000006a60c00000,0x0000006a60d00000)]
  0x0000016b7af4f800 JavaThread "Handler for socket connection from /127.0.0.1:49643 to /127.0.0.1:49646" [_thread_in_native, id=1164, stack(0x0000006a60d00000,0x0000006a60e00000)]
  0x0000016b7afee000 JavaThread "Cancel handler" [_thread_blocked, id=16500, stack(0x0000006a60e00000,0x0000006a60f00000)]
  0x0000016b7b468000 JavaThread "Daemon worker" [_thread_blocked, id=18740, stack(0x0000006a60f00000,0x0000006a61000000)]
  0x0000016b7b683000 JavaThread "Asynchronous log dispatcher for DefaultDaemonConnection: socket connection from /127.0.0.1:49643 to /127.0.0.1:49646" [_thread_blocked, id=12840, stack(0x0000006a61000000,0x0000006a61100000)]
  0x0000016b7a843000 JavaThread "Stdin handler" [_thread_blocked, id=12980, stack(0x0000006a61100000,0x0000006a61200000)]
  0x0000016b7b4c0000 JavaThread "Thread-8" [_thread_blocked, id=22468, stack(0x0000006a61200000,0x0000006a61300000)]
  0x0000016b7b3c2800 JavaThread "Cache worker for file hash cache (D:\Android\.gradle\caches\6.7.1\fileHashes)" [_thread_blocked, id=5788, stack(0x0000006a61800000,0x0000006a61900000)]
  0x0000016b7b3c0000 JavaThread "File lock request listener" [_thread_in_native, id=22144, stack(0x0000006a61900000,0x0000006a61a00000)]
  0x0000016b7b3be800 JavaThread "Cache worker for journal cache (D:\Android\.gradle\caches\journal-1)" [_thread_blocked, id=19668, stack(0x0000006a61b00000,0x0000006a61c00000)]
  0x0000016b7b3c2000 JavaThread "Cache worker for file hash cache (D:\Android\AndroidStudioProjects\MagicGithub\.gradle\6.7.1\fileHashes)" [_thread_blocked, id=14236, stack(0x0000006a61c00000,0x0000006a61d00000)]
  0x0000016b7b3bd000 JavaThread "Cache worker for checksums cache (D:\Android\AndroidStudioProjects\MagicGithub\.gradle\checksums)" [_thread_blocked, id=21864, stack(0x0000006a61d00000,0x0000006a61e00000)]
  0x0000016b7b3c3800 JavaThread "Cache worker for cache directory md-supplier (D:\Android\.gradle\caches\6.7.1\md-supplier)" [_thread_blocked, id=18988, stack(0x0000006a61e00000,0x0000006a61f00000)]
  0x0000016b7b3c1000 JavaThread "Cache worker for cache directory md-rule (D:\Android\.gradle\caches\6.7.1\md-rule)" [_thread_blocked, id=20828, stack(0x0000006a61f00000,0x0000006a62000000)]
  0x0000016b7b3bd800 JavaThread "Cache worker for execution history cache (D:\Android\.gradle\caches\6.7.1\executionHistory)" [_thread_blocked, id=15164, stack(0x0000006a62000000,0x0000006a62100000)]
  0x0000016b7b3bf800 JavaThread "jar transforms" [_thread_blocked, id=10320, stack(0x0000006a62100000,0x0000006a62200000)]
  0x0000016b797b9000 JavaThread "Cache worker for file content cache (D:\Android\.gradle\caches\6.7.1\fileContent)" [_thread_blocked, id=21752, stack(0x0000006a62200000,0x0000006a62300000)]
  0x0000016b797ba000 JavaThread "Cache worker for Build Output Cleanup Cache (D:\Android\AndroidStudioProjects\MagicGithub\.gradle\buildOutputCleanup)" [_thread_blocked, id=18076, stack(0x0000006a62300000,0x0000006a62400000)]
  0x0000016b797b5000 JavaThread "Build operations" [_thread_blocked, id=11048, stack(0x0000006a62400000,0x0000006a62500000)]
  0x0000016b797b4000 JavaThread "Build operations Thread 2" [_thread_blocked, id=3076, stack(0x0000006a62500000,0x0000006a62600000)]
  0x0000016b797b5800 JavaThread "Build operations Thread 3" [_thread_blocked, id=20728, stack(0x0000006a62600000,0x0000006a62700000)]
  0x0000016b797bb800 JavaThread "Build operations Thread 4" [_thread_blocked, id=9868, stack(0x0000006a62700000,0x0000006a62800000)]
  0x0000016b797b8000 JavaThread "Build operations Thread 5" [_thread_blocked, id=2256, stack(0x0000006a62800000,0x0000006a62900000)]
  0x0000016b797ba800 JavaThread "Build operations Thread 6" [_thread_blocked, id=11912, stack(0x0000006a62900000,0x0000006a62a00000)]
  0x0000016b797bc800 JavaThread "Build operations Thread 7" [_thread_blocked, id=9912, stack(0x0000006a62a00000,0x0000006a62b00000)]
  0x0000016b797b6800 JavaThread "Build operations Thread 8" [_thread_blocked, id=12996, stack(0x0000006a62b00000,0x0000006a62c00000)]
  0x0000016b797be800 JavaThread "jar transforms Thread 2" [_thread_blocked, id=8680, stack(0x0000006a62c00000,0x0000006a62d00000)]
  0x0000016b797c0800 JavaThread "jar transforms Thread 3" [_thread_blocked, id=22516, stack(0x0000006a62d00000,0x0000006a62e00000)]
  0x0000016b797be000 JavaThread "jar transforms Thread 4" [_thread_blocked, id=13236, stack(0x0000006a62e00000,0x0000006a62f00000)]
  0x0000016b797c3000 JavaThread "jar transforms Thread 5" [_thread_blocked, id=20764, stack(0x0000006a62f00000,0x0000006a63000000)]
  0x0000016b797bd000 JavaThread "jar transforms Thread 6" [_thread_blocked, id=9696, stack(0x0000006a63000000,0x0000006a63100000)]
  0x0000016b797c1000 JavaThread "jar transforms Thread 7" [_thread_blocked, id=14432, stack(0x0000006a63100000,0x0000006a63200000)]
  0x0000016b797bf800 JavaThread "jar transforms Thread 8" [_thread_blocked, id=16224, stack(0x0000006a63200000,0x0000006a63300000)]
  0x0000016b797c2000 JavaThread "jar transforms Thread 9" [_thread_blocked, id=18080, stack(0x0000006a63300000,0x0000006a63400000)]
  0x0000016b7c2f8000 JavaThread "jar transforms Thread 10" [_thread_blocked, id=12024, stack(0x0000006a63400000,0x0000006a63500000)]
  0x0000016b7c2f8800 JavaThread "jar transforms Thread 11" [_thread_blocked, id=9732, stack(0x0000006a63500000,0x0000006a63600000)]
  0x0000016b7c2fa800 JavaThread "jar transforms Thread 12" [_thread_blocked, id=17056, stack(0x0000006a63600000,0x0000006a63700000)]
  0x0000016b7c2fc000 JavaThread "jar transforms Thread 13" [_thread_blocked, id=10728, stack(0x0000006a63700000,0x0000006a63800000)]
  0x0000016b7c2fc800 JavaThread "jar transforms Thread 14" [_thread_blocked, id=11752, stack(0x0000006a63800000,0x0000006a63900000)]
  0x0000016b7c2f9800 JavaThread "jar transforms Thread 15" [_thread_blocked, id=21200, stack(0x0000006a63900000,0x0000006a63a00000)]
  0x0000016b7c2f7000 JavaThread "jar transforms Thread 16" [_thread_blocked, id=21528, stack(0x0000006a63a00000,0x0000006a63b00000)]
  0x0000016b7c2fb000 JavaThread "jar transforms Thread 17" [_thread_blocked, id=19308, stack(0x0000006a63b00000,0x0000006a63c00000)]
  0x0000016b7c302800 JavaThread "jar transforms Thread 18" [_thread_blocked, id=20064, stack(0x0000006a63c00000,0x0000006a63d00000)]
  0x0000016b7c2ff000 JavaThread "jar transforms Thread 19" [_thread_blocked, id=12800, stack(0x0000006a63d00000,0x0000006a63e00000)]
  0x0000016b7c300000 JavaThread "jar transforms Thread 20" [_thread_blocked, id=14552, stack(0x0000006a63e00000,0x0000006a63f00000)]
  0x0000016b7c303800 JavaThread "jar transforms Thread 21" [_thread_blocked, id=21952, stack(0x0000006a63f00000,0x0000006a64000000)]
  0x0000016b7c301000 JavaThread "jar transforms Thread 22" [_thread_blocked, id=9420, stack(0x0000006a64000000,0x0000006a64100000)]
  0x0000016b7c301800 JavaThread "jar transforms Thread 23" [_thread_blocked, id=16728, stack(0x0000006a64100000,0x0000006a64200000)]
  0x0000016b7c2fd800 JavaThread "jar transforms Thread 24" [_thread_blocked, id=4244, stack(0x0000006a64200000,0x0000006a64300000)]
  0x0000016b7c304000 JavaThread "jar transforms Thread 25" [_thread_blocked, id=20088, stack(0x0000006a64300000,0x0000006a64400000)]
  0x0000016b7c2fe800 JavaThread "jar transforms Thread 26" [_thread_blocked, id=13288, stack(0x0000006a64400000,0x0000006a64500000)]
  0x0000016b7c305000 JavaThread "jar transforms Thread 27" [_thread_blocked, id=18500, stack(0x0000006a64500000,0x0000006a64600000)]
  0x0000016b7c305800 JavaThread "jar transforms Thread 28" [_thread_blocked, id=16456, stack(0x0000006a64600000,0x0000006a64700000)]
  0x0000016b7c2ec000 JavaThread "jar transforms Thread 29" [_thread_blocked, id=5604, stack(0x0000006a64700000,0x0000006a64800000)]
  0x0000016b7c2e8800 JavaThread "jar transforms Thread 30" [_thread_blocked, id=18756, stack(0x0000006a64800000,0x0000006a64900000)]
  0x0000016b7c2ea800 JavaThread "jar transforms Thread 31" [_thread_blocked, id=13964, stack(0x0000006a64900000,0x0000006a64a00000)]
  0x0000016b7c2ec800 JavaThread "jar transforms Thread 32" [_thread_blocked, id=9448, stack(0x0000006a64a00000,0x0000006a64b00000)]
  0x0000016b7c2eb000 JavaThread "jar transforms Thread 33" [_thread_blocked, id=11872, stack(0x0000006a64b00000,0x0000006a64c00000)]
  0x0000016b7c2e7000 JavaThread "jar transforms Thread 34" [_thread_blocked, id=6960, stack(0x0000006a64c00000,0x0000006a64d00000)]
  0x0000016b7c2ed800 JavaThread "jar transforms Thread 35" [_thread_blocked, id=21900, stack(0x0000006a64d00000,0x0000006a64e00000)]
  0x0000016b7c2e9800 JavaThread "jar transforms Thread 36" [_thread_blocked, id=6184, stack(0x0000006a64e00000,0x0000006a64f00000)]
  0x0000016b7c2e8000 JavaThread "jar transforms Thread 37" [_thread_blocked, id=15128, stack(0x0000006a64f00000,0x0000006a65000000)]
  0x0000016b7c2f4000 JavaThread "jar transforms Thread 38" [_thread_blocked, id=21956, stack(0x0000006a65000000,0x0000006a65100000)]
  0x0000016b7c2ee800 JavaThread "jar transforms Thread 39" [_thread_blocked, id=22372, stack(0x0000006a65100000,0x0000006a65200000)]
  0x0000016b7c2f3000 JavaThread "jar transforms Thread 40" [_thread_blocked, id=15792, stack(0x0000006a65200000,0x0000006a65300000)]
  0x0000016b7c2f5000 JavaThread "jar transforms Thread 41" [_thread_blocked, id=11900, stack(0x0000006a65300000,0x0000006a65400000)]
  0x0000016b7c2f2800 JavaThread "jar transforms Thread 42" [_thread_blocked, id=19620, stack(0x0000006a65400000,0x0000006a65500000)]
  0x0000016b7c2f0000 JavaThread "jar transforms Thread 43" [_thread_blocked, id=22504, stack(0x0000006a65500000,0x0000006a65600000)]
  0x0000016b7c2ef000 JavaThread "jar transforms Thread 44" [_thread_blocked, id=7692, stack(0x0000006a65600000,0x0000006a65700000)]
  0x0000016b7c2f1000 JavaThread "jar transforms Thread 45" [_thread_blocked, id=18684, stack(0x0000006a65700000,0x0000006a65800000)]
  0x0000016b7c2f5800 JavaThread "jar transforms Thread 46" [_thread_blocked, id=17808, stack(0x0000006a65800000,0x0000006a65900000)]
  0x0000016b7c2f1800 JavaThread "jar transforms Thread 47" [_thread_blocked, id=2844, stack(0x0000006a65900000,0x0000006a65a00000)]
  0x0000016b7da6f000 JavaThread "jar transforms Thread 48" [_thread_blocked, id=20904, stack(0x0000006a65a00000,0x0000006a65b00000)]
  0x0000016b7da74000 JavaThread "jar transforms Thread 49" [_thread_blocked, id=17208, stack(0x0000006a65b00000,0x0000006a65c00000)]
  0x0000016b7da75000 JavaThread "jar transforms Thread 50" [_thread_blocked, id=19084, stack(0x0000006a65c00000,0x0000006a65d00000)]
  0x0000016b7da75800 JavaThread "jar transforms Thread 51" [_thread_blocked, id=22436, stack(0x0000006a65d00000,0x0000006a65e00000)]
  0x0000016b7da70000 JavaThread "jar transforms Thread 52" [_thread_blocked, id=20632, stack(0x0000006a65e00000,0x0000006a65f00000)]
  0x0000016b7da76800 JavaThread "jar transforms Thread 53" [_thread_blocked, id=22032, stack(0x0000006a65f00000,0x0000006a66000000)]
  0x0000016b7da71000 JavaThread "jar transforms Thread 54" [_thread_blocked, id=12524, stack(0x0000006a66000000,0x0000006a66100000)]
  0x0000016b7da72800 JavaThread "jar transforms Thread 55" [_thread_blocked, id=22508, stack(0x0000006a66100000,0x0000006a66200000)]
  0x0000016b7da77800 JavaThread "jar transforms Thread 56" [_thread_blocked, id=13968, stack(0x0000006a66200000,0x0000006a66300000)]
  0x0000016b7da71800 JavaThread "jar transforms Thread 57" [_thread_blocked, id=22240, stack(0x0000006a66300000,0x0000006a66400000)]
  0x0000016b7da78000 JavaThread "jar transforms Thread 58" [_thread_blocked, id=18676, stack(0x0000006a66400000,0x0000006a66500000)]
  0x0000016b7da73000 JavaThread "jar transforms Thread 59" [_thread_blocked, id=2560, stack(0x0000006a66500000,0x0000006a66600000)]
  0x0000016b7da7d000 JavaThread "jar transforms Thread 60" [_thread_blocked, id=6784, stack(0x0000006a66600000,0x0000006a66700000)]
  0x0000016b7da7c000 JavaThread "jar transforms Thread 61" [_thread_blocked, id=22280, stack(0x0000006a66700000,0x0000006a66800000)]
  0x0000016b7da7a800 JavaThread "jar transforms Thread 62" [_thread_blocked, id=22188, stack(0x0000006a66800000,0x0000006a66900000)]
  0x0000016b7da7b800 JavaThread "jar transforms Thread 63" [_thread_blocked, id=6424, stack(0x0000006a66900000,0x0000006a66a00000)]
  0x0000016b7da7e000 JavaThread "jar transforms Thread 64" [_thread_blocked, id=20540, stack(0x0000006a66a00000,0x0000006a66b00000)]
  0x0000016b7da79000 JavaThread "jar transforms Thread 65" [_thread_blocked, id=19372, stack(0x0000006a66b00000,0x0000006a66c00000)]
  0x0000016b7da79800 JavaThread "jar transforms Thread 66" [_thread_blocked, id=7680, stack(0x0000006a66c00000,0x0000006a66d00000)]
  0x0000016b7d486800 JavaThread "jar transforms Thread 67" [_thread_blocked, id=15468, stack(0x0000006a66d00000,0x0000006a66e00000)]
  0x0000016b7d487800 JavaThread "jar transforms Thread 68" [_thread_blocked, id=21856, stack(0x0000006a66e00000,0x0000006a66f00000)]
  0x0000016b7d48a000 JavaThread "jar transforms Thread 69" [_thread_blocked, id=9264, stack(0x0000006a66f00000,0x0000006a67000000)]
  0x0000016b7d486000 JavaThread "jar transforms Thread 70" [_thread_blocked, id=12180, stack(0x0000006a67000000,0x0000006a67100000)]
  0x0000016b7d48c800 JavaThread "jar transforms Thread 71" [_thread_blocked, id=21036, stack(0x0000006a67100000,0x0000006a67200000)]
  0x0000016b7d48a800 JavaThread "jar transforms Thread 72" [_thread_blocked, id=9412, stack(0x0000006a67200000,0x0000006a67300000)]
  0x0000016b7d489000 JavaThread "jar transforms Thread 73" [_thread_blocked, id=13264, stack(0x0000006a67300000,0x0000006a67400000)]
  0x0000016b7d48d000 JavaThread "jar transforms Thread 74" [_thread_blocked, id=6844, stack(0x0000006a67400000,0x0000006a67500000)]
  0x0000016b7d48e000 JavaThread "jar transforms Thread 75" [_thread_blocked, id=2840, stack(0x0000006a67500000,0x0000006a67600000)]
  0x0000016b7d48b800 JavaThread "jar transforms Thread 76" [_thread_blocked, id=18100, stack(0x0000006a67600000,0x0000006a67700000)]
  0x0000016b7d488000 JavaThread "jar transforms Thread 77" [_thread_blocked, id=1000, stack(0x0000006a67700000,0x0000006a67800000)]
  0x0000016b7d490800 JavaThread "jar transforms Thread 78" [_thread_blocked, id=22420, stack(0x0000006a67800000,0x0000006a67900000)]
  0x0000016b7d48e800 JavaThread "jar transforms Thread 79" [_thread_blocked, id=19092, stack(0x0000006a67900000,0x0000006a67a00000)]
  0x0000016b7d493800 JavaThread "jar transforms Thread 80" [_thread_blocked, id=22076, stack(0x0000006a67a00000,0x0000006a67b00000)]
  0x0000016b7d492000 JavaThread "jar transforms Thread 81" [_thread_blocked, id=18776, stack(0x0000006a67b00000,0x0000006a67c00000)]
  0x0000016b7d48f800 JavaThread "jar transforms Thread 82" [_thread_blocked, id=21988, stack(0x0000006a67c00000,0x0000006a67d00000)]
  0x0000016b7d494800 JavaThread "jar transforms Thread 83" [_thread_blocked, id=18552, stack(0x0000006a67d00000,0x0000006a67e00000)]
  0x0000016b7d491000 JavaThread "jar transforms Thread 84" [_thread_blocked, id=21972, stack(0x0000006a67e00000,0x0000006a67f00000)]
  0x0000016b7d493000 JavaThread "jar transforms Thread 85" [_thread_blocked, id=17500, stack(0x0000006a67f00000,0x0000006a68000000)]
  0x0000016b7d4ae800 JavaThread "jar transforms Thread 86" [_thread_blocked, id=17924, stack(0x0000006a68000000,0x0000006a68100000)]
  0x0000016b7d4af800 JavaThread "jar transforms Thread 87" [_thread_blocked, id=15472, stack(0x0000006a68100000,0x0000006a68200000)]
  0x0000016b7d4ac000 JavaThread "jar transforms Thread 88" [_thread_blocked, id=15464, stack(0x0000006a68200000,0x0000006a68300000)]
  0x0000016b7d4ad000 JavaThread "jar transforms Thread 89" [_thread_blocked, id=20688, stack(0x0000006a68300000,0x0000006a68400000)]
  0x0000016b7d4aa000 JavaThread "jar transforms Thread 90" [_thread_blocked, id=20908, stack(0x0000006a68400000,0x0000006a68500000)]
  0x0000016b7d4aa800 JavaThread "jar transforms Thread 91" [_thread_blocked, id=15628, stack(0x0000006a68500000,0x0000006a68600000)]
  0x0000016b7d4b0800 JavaThread "jar transforms Thread 92" [_thread_blocked, id=22104, stack(0x0000006a68600000,0x0000006a68700000)]
  0x0000016b7d4b1000 JavaThread "jar transforms Thread 93" [_thread_blocked, id=21992, stack(0x0000006a68700000,0x0000006a68800000)]
  0x0000016b7d4ae000 JavaThread "jar transforms Thread 94" [_thread_blocked, id=17284, stack(0x0000006a68800000,0x0000006a68900000)]
  0x0000016b7d4ab800 JavaThread "jar transforms Thread 95" [_thread_blocked, id=21248, stack(0x0000006a68900000,0x0000006a68a00000)]
  0x0000016b7d4b3800 JavaThread "jar transforms Thread 96" [_thread_blocked, id=17480, stack(0x0000006a68a00000,0x0000006a68b00000)]
  0x0000016b7d4b3000 JavaThread "jar transforms Thread 97" [_thread_blocked, id=13044, stack(0x0000006a68b00000,0x0000006a68c00000)]
  0x0000016b7d4b5000 JavaThread "Memory manager" [_thread_blocked, id=2668, stack(0x0000006a68c00000,0x0000006a68d00000)]
  0x0000016b7d4b4800 JavaThread "build event listener" [_thread_blocked, id=4644, stack(0x0000006a68d00000,0x0000006a68e00000)]
  0x0000016b7d4b6000 JavaThread "build event listener" [_thread_blocked, id=9332, stack(0x0000006a68e00000,0x0000006a68f00000)]
  0x0000016b7d4b7800 JavaThread "Execution worker for ':'" [_thread_blocked, id=19572, stack(0x0000006a68f00000,0x0000006a69000000)]
  0x0000016b7d4b7000 JavaThread "Execution worker for ':' Thread 2" [_thread_blocked, id=12220, stack(0x0000006a69000000,0x0000006a69100000)]
  0x0000016b7d4b2000 JavaThread "Execution worker for ':' Thread 3" [_thread_blocked, id=1136, stack(0x0000006a69100000,0x0000006a69200000)]
  0x0000016b7d4b8800 JavaThread "Execution worker for ':' Thread 4" [_thread_blocked, id=18964, stack(0x0000006a69200000,0x0000006a69300000)]
  0x0000016b7e08f000 JavaThread "Execution worker for ':' Thread 5" [_thread_in_native, id=21860, stack(0x0000006a69300000,0x0000006a69400000)]
  0x0000016b7e08b000 JavaThread "Execution worker for ':' Thread 6" [_thread_blocked, id=10096, stack(0x0000006a69400000,0x0000006a69500000)]
  0x0000016b7e08e000 JavaThread "Execution worker for ':' Thread 7" [_thread_blocked, id=22488, stack(0x0000006a69500000,0x0000006a69600000)]
  0x0000016b7e08c000 JavaThread "Cache worker for execution history cache (D:\Android\AndroidStudioProjects\MagicGithub\.gradle\6.7.1\executionHistory)" [_thread_blocked, id=9032, stack(0x0000006a69600000,0x0000006a69700000)]
  0x0000016b7e08c800 JavaThread "WorkerExecutor Queue" [_thread_blocked, id=10600, stack(0x0000006a69700000,0x0000006a69800000)]

Other Threads:
  0x0000016b78dd5800 VMThread "VM Thread" [stack: 0x0000006a5fa00000,0x0000006a5fb00000] [id=16544]
  0x0000016b798f0000 WatcherThread [stack: 0x0000006a60400000,0x0000006a60500000] [id=5104]
  0x0000016b6ee01800 GCTaskThread "GC Thread#0" [stack: 0x0000006a5f500000,0x0000006a5f600000] [id=22164]
  0x0000016b7a1cb800 GCTaskThread "GC Thread#1" [stack: 0x0000006a60500000,0x0000006a60600000] [id=15712]
  0x0000016b7a348800 GCTaskThread "GC Thread#2" [stack: 0x0000006a60600000,0x0000006a60700000] [id=12700]
  0x0000016b7b682800 GCTaskThread "GC Thread#3" [stack: 0x0000006a61300000,0x0000006a61400000] [id=17584]
  0x0000016b7b708800 GCTaskThread "GC Thread#4" [stack: 0x0000006a61400000,0x0000006a61500000] [id=18316]
  0x0000016b7b3a4000 GCTaskThread "GC Thread#5" [stack: 0x0000006a61500000,0x0000006a61600000] [id=3040]
  0x0000016b7b4ba000 GCTaskThread "GC Thread#6" [stack: 0x0000006a61600000,0x0000006a61700000] [id=19256]
  0x0000016b7b676800 GCTaskThread "GC Thread#7" [stack: 0x0000006a61700000,0x0000006a61800000] [id=20140]
  0x0000016b6ee28000 ConcurrentGCThread "G1 Main Marker" [stack: 0x0000006a5f600000,0x0000006a5f700000] [id=20812]
  0x0000016b6ee2e000 ConcurrentGCThread "G1 Conc#0" [stack: 0x0000006a5f700000,0x0000006a5f800000] [id=17468]
  0x0000016b78e0d800 ConcurrentGCThread "G1 Conc#1" [stack: 0x0000006a61a00000,0x0000006a61b00000] [id=17644]
  0x0000016b6eeca800 ConcurrentGCThread "G1 Refine#0" [stack: 0x0000006a5f800000,0x0000006a5f900000] [id=20596]
  0x0000016b6eecb800 ConcurrentGCThread "G1 Young RemSet Sampling" [stack: 0x0000006a5f900000,0x0000006a5fa00000] [id=2556]

Threads with active compile tasks:
C2 CompilerThread0  57336 8737       4       org.gradle.internal.snapshot.SnapshotUtil::getMetadataFromChildren (317 bytes)

VM state:not at safepoint (normal execution)

VM Mutex/Monitor currently owned by a thread: None

Heap address: 0x00000000a0000000, size: 1536 MB, Compressed Oops mode: 32-bit
Narrow klass base: 0x0000000000000000, Narrow klass shift: 3
Compressed class space size: 1073741824 Address: 0x0000000100000000

Heap:
 garbage-first heap   total 129024K, used 83482K [0x00000000a0000000, 0x0000000100000000)
  region size 1024K, 32 young (32768K), 5 survivors (5120K)
 Metaspace       used 80590K, capacity 82506K, committed 82688K, reserved 1120256K
  class space    used 10485K, capacity 11159K, committed 11264K, reserved 1048576K
Heap Regions: E=young(eden), S=young(survivor), O=old, HS=humongous(starts), HC=humongous(continues), CS=collection set, F=free, A=archive, TAMS=top-at-mark-start (previous, next)
|   0|0x00000000a0000000, 0x00000000a0100000, 0x00000000a0100000|100%| O|  |TAMS 0x00000000a0100000, 0x00000000a0000000| Untracked 
|   1|0x00000000a0100000, 0x00000000a0200000, 0x00000000a0200000|100%| O|  |TAMS 0x00000000a0200000, 0x00000000a0100000| Untracked 
|   2|0x00000000a0200000, 0x00000000a0300000, 0x00000000a0300000|100%| O|  |TAMS 0x00000000a0300000, 0x00000000a0200000| Untracked 
|   3|0x00000000a0300000, 0x00000000a0400000, 0x00000000a0400000|100%|HS|  |TAMS 0x00000000a0400000, 0x00000000a0300000| Complete 
|   4|0x00000000a0400000, 0x00000000a0500000, 0x00000000a0500000|100%|HC|  |TAMS 0x00000000a0500000, 0x00000000a0400000| Complete 
|   5|0x00000000a0500000, 0x00000000a0600000, 0x00000000a0600000|100%|HC|  |TAMS 0x00000000a0600000, 0x00000000a0500000| Complete 
|   6|0x00000000a0600000, 0x00000000a0700000, 0x00000000a0700000|100%| O|  |TAMS 0x00000000a0700000, 0x00000000a0600000| Untracked 
|   7|0x00000000a0700000, 0x00000000a0800000, 0x00000000a0800000|100%| O|  |TAMS 0x00000000a0800000, 0x00000000a0700000| Untracked 
|   8|0x00000000a0800000, 0x00000000a0900000, 0x00000000a0900000|100%| O|  |TAMS 0x00000000a0900000, 0x00000000a0800000| Untracked 
|   9|0x00000000a0900000, 0x00000000a0a00000, 0x00000000a0a00000|100%| O|  |TAMS 0x00000000a0a00000, 0x00000000a0900000| Untracked 
|  10|0x00000000a0a00000, 0x00000000a0b00000, 0x00000000a0b00000|100%| O|  |TAMS 0x00000000a0b00000, 0x00000000a0a00000| Untracked 
|  11|0x00000000a0b00000, 0x00000000a0c00000, 0x00000000a0c00000|100%| O|  |TAMS 0x00000000a0c00000, 0x00000000a0b00000| Untracked 
|  12|0x00000000a0c00000, 0x00000000a0d00000, 0x00000000a0d00000|100%| O|  |TAMS 0x00000000a0d00000, 0x00000000a0c00000| Untracked 
|  13|0x00000000a0d00000, 0x00000000a0e00000, 0x00000000a0e00000|100%| O|  |TAMS 0x00000000a0e00000, 0x00000000a0d00000| Untracked 
|  14|0x00000000a0e00000, 0x00000000a0f00000, 0x00000000a0f00000|100%| O|  |TAMS 0x00000000a0f00000, 0x00000000a0e00000| Untracked 
|  15|0x00000000a0f00000, 0x00000000a1000000, 0x00000000a1000000|100%| O|  |TAMS 0x00000000a1000000, 0x00000000a0f00000| Untracked 
|  16|0x00000000a1000000, 0x00000000a1100000, 0x00000000a1100000|100%| O|  |TAMS 0x00000000a1100000, 0x00000000a1000000| Untracked 
|  17|0x00000000a1100000, 0x00000000a1200000, 0x00000000a1200000|100%| O|  |TAMS 0x00000000a1200000, 0x00000000a1100000| Untracked 
|  18|0x00000000a1200000, 0x00000000a1300000, 0x00000000a1300000|100%| O|  |TAMS 0x00000000a1300000, 0x00000000a1200000| Untracked 
|  19|0x00000000a1300000, 0x00000000a1400000, 0x00000000a1400000|100%|HS|  |TAMS 0x00000000a1400000, 0x00000000a1300000| Complete 
|  20|0x00000000a1400000, 0x00000000a1500000, 0x00000000a1500000|100%| O|  |TAMS 0x00000000a1500000, 0x00000000a1400000| Untracked 
|  21|0x00000000a1500000, 0x00000000a1600000, 0x00000000a1600000|100%| O|  |TAMS 0x00000000a1600000, 0x00000000a1500000| Untracked 
|  22|0x00000000a1600000, 0x00000000a1700000, 0x00000000a1700000|100%|HS|  |TAMS 0x00000000a1700000, 0x00000000a1600000| Complete 
|  23|0x00000000a1700000, 0x00000000a1800000, 0x00000000a1800000|100%|HC|  |TAMS 0x00000000a1800000, 0x00000000a1700000| Complete 
|  24|0x00000000a1800000, 0x00000000a1900000, 0x00000000a1900000|100%| O|  |TAMS 0x00000000a1900000, 0x00000000a1800000| Untracked 
|  25|0x00000000a1900000, 0x00000000a1a00000, 0x00000000a1a00000|100%| O|  |TAMS 0x00000000a1a00000, 0x00000000a1900000| Untracked 
|  26|0x00000000a1a00000, 0x00000000a1b00000, 0x00000000a1b00000|100%| O|  |TAMS 0x00000000a1b00000, 0x00000000a1a00000| Untracked 
|  27|0x00000000a1b00000, 0x00000000a1c00000, 0x00000000a1c00000|100%| O|  |TAMS 0x00000000a1c00000, 0x00000000a1b00000| Untracked 
|  28|0x00000000a1c00000, 0x00000000a1d00000, 0x00000000a1d00000|100%| O|  |TAMS 0x00000000a1d00000, 0x00000000a1c00000| Untracked 
|  29|0x00000000a1d00000, 0x00000000a1e00000, 0x00000000a1e00000|100%| O|  |TAMS 0x00000000a1e00000, 0x00000000a1d00000| Untracked 
|  30|0x00000000a1e00000, 0x00000000a1f00000, 0x00000000a1f00000|100%| O|  |TAMS 0x00000000a1f00000, 0x00000000a1e00000| Untracked 
|  31|0x00000000a1f00000, 0x00000000a2000000, 0x00000000a2000000|100%| O|  |TAMS 0x00000000a2000000, 0x00000000a1f00000| Untracked 
|  32|0x00000000a2000000, 0x00000000a2100000, 0x00000000a2100000|100%| O|  |TAMS 0x00000000a2100000, 0x00000000a2000000| Untracked 
|  33|0x00000000a2100000, 0x00000000a2200000, 0x00000000a2200000|100%| O|  |TAMS 0x00000000a2200000, 0x00000000a2100000| Untracked 
|  34|0x00000000a2200000, 0x00000000a2300000, 0x00000000a2300000|100%| O|  |TAMS 0x00000000a2300000, 0x00000000a2200000| Untracked 
|  35|0x00000000a2300000, 0x00000000a2400000, 0x00000000a2400000|100%| O|  |TAMS 0x00000000a2400000, 0x00000000a2300000| Untracked 
|  36|0x00000000a2400000, 0x00000000a2500000, 0x00000000a2500000|100%| O|  |TAMS 0x00000000a247d800, 0x00000000a2400000| Untracked 
|  37|0x00000000a2500000, 0x00000000a2600000, 0x00000000a2600000|100%| O|  |TAMS 0x00000000a2500000, 0x00000000a2500000| Untracked 
|  38|0x00000000a2600000, 0x00000000a2700000, 0x00000000a2700000|100%| O|  |TAMS 0x00000000a2600000, 0x00000000a2600000| Untracked 
|  39|0x00000000a2700000, 0x00000000a2800000, 0x00000000a2800000|100%| O|  |TAMS 0x00000000a2700000, 0x00000000a2700000| Untracked 
|  40|0x00000000a2800000, 0x00000000a2900000, 0x00000000a2900000|100%| O|  |TAMS 0x00000000a2800000, 0x00000000a2800000| Untracked 
|  41|0x00000000a2900000, 0x00000000a2a00000, 0x00000000a2a00000|100%| O|  |TAMS 0x00000000a2900000, 0x00000000a2900000| Untracked 
|  42|0x00000000a2a00000, 0x00000000a2b00000, 0x00000000a2b00000|100%| O|  |TAMS 0x00000000a2a00000, 0x00000000a2a00000| Untracked 
|  43|0x00000000a2b00000, 0x00000000a2c00000, 0x00000000a2c00000|100%| O|  |TAMS 0x00000000a2b00000, 0x00000000a2b00000| Untracked 
|  44|0x00000000a2c00000, 0x00000000a2d00000, 0x00000000a2d00000|100%| O|  |TAMS 0x00000000a2c00000, 0x00000000a2c00000| Untracked 
|  45|0x00000000a2d00000, 0x00000000a2e00000, 0x00000000a2e00000|100%| O|  |TAMS 0x00000000a2d00000, 0x00000000a2d00000| Untracked 
|  46|0x00000000a2e00000, 0x00000000a2f00000, 0x00000000a2f00000|100%| O|  |TAMS 0x00000000a2e00000, 0x00000000a2e00000| Untracked 
|  47|0x00000000a2f00000, 0x00000000a3000000, 0x00000000a3000000|100%| O|  |TAMS 0x00000000a2f00000, 0x00000000a2f00000| Untracked 
|  48|0x00000000a3000000, 0x00000000a3100000, 0x00000000a3100000|100%| O|  |TAMS 0x00000000a3000000, 0x00000000a3000000| Untracked 
|  49|0x00000000a3100000, 0x00000000a3200000, 0x00000000a3200000|100%| O|  |TAMS 0x00000000a3100000, 0x00000000a3100000| Untracked 
|  50|0x00000000a3200000, 0x00000000a3300000, 0x00000000a3300000|100%| O|  |TAMS 0x00000000a3200000, 0x00000000a3200000| Untracked 
|  51|0x00000000a3300000, 0x00000000a33f1c00, 0x00000000a3400000| 94%| O|  |TAMS 0x00000000a3300000, 0x00000000a3300000| Untracked 
|  52|0x00000000a3400000, 0x00000000a3400000, 0x00000000a3500000|  0%| F|  |TAMS 0x00000000a3400000, 0x00000000a3400000| Untracked 
|  53|0x00000000a3500000, 0x00000000a3500000, 0x00000000a3600000|  0%| F|  |TAMS 0x00000000a3500000, 0x00000000a3500000| Untracked 
|  54|0x00000000a3600000, 0x00000000a3600000, 0x00000000a3700000|  0%| F|  |TAMS 0x00000000a3600000, 0x00000000a3600000| Untracked 
|  55|0x00000000a3700000, 0x00000000a3700000, 0x00000000a3800000|  0%| F|  |TAMS 0x00000000a3700000, 0x00000000a3700000| Untracked 
|  56|0x00000000a3800000, 0x00000000a3800000, 0x00000000a3900000|  0%| F|  |TAMS 0x00000000a3800000, 0x00000000a3800000| Untracked 
|  57|0x00000000a3900000, 0x00000000a3900000, 0x00000000a3a00000|  0%| F|  |TAMS 0x00000000a3900000, 0x00000000a3900000| Untracked 
|  58|0x00000000a3a00000, 0x00000000a3a00000, 0x00000000a3b00000|  0%| F|  |TAMS 0x00000000a3a00000, 0x00000000a3a00000| Untracked 
|  59|0x00000000a3b00000, 0x00000000a3b00000, 0x00000000a3c00000|  0%| F|  |TAMS 0x00000000a3b00000, 0x00000000a3b00000| Untracked 
|  60|0x00000000a3c00000, 0x00000000a3c00000, 0x00000000a3d00000|  0%| F|  |TAMS 0x00000000a3c00000, 0x00000000a3c00000| Untracked 
|  61|0x00000000a3d00000, 0x00000000a3d00000, 0x00000000a3e00000|  0%| F|  |TAMS 0x00000000a3d00000, 0x00000000a3d00000| Untracked 
|  62|0x00000000a3e00000, 0x00000000a3e00000, 0x00000000a3f00000|  0%| F|  |TAMS 0x00000000a3e00000, 0x00000000a3e00000| Untracked 
|  63|0x00000000a3f00000, 0x00000000a3f00000, 0x00000000a4000000|  0%| F|  |TAMS 0x00000000a3f00000, 0x00000000a3f00000| Untracked 
|  64|0x00000000a4000000, 0x00000000a4000000, 0x00000000a4100000|  0%| F|  |TAMS 0x00000000a4000000, 0x00000000a4000000| Untracked 
|  65|0x00000000a4100000, 0x00000000a4100000, 0x00000000a4200000|  0%| F|  |TAMS 0x00000000a4100000, 0x00000000a4100000| Untracked 
|  66|0x00000000a4200000, 0x00000000a4200000, 0x00000000a4300000|  0%| F|  |TAMS 0x00000000a4200000, 0x00000000a4200000| Untracked 
|  67|0x00000000a4300000, 0x00000000a4300000, 0x00000000a4400000|  0%| F|  |TAMS 0x00000000a4300000, 0x00000000a4300000| Untracked 
|  68|0x00000000a4400000, 0x00000000a4400000, 0x00000000a4500000|  0%| F|  |TAMS 0x00000000a4400000, 0x00000000a4400000| Untracked 
|  69|0x00000000a4500000, 0x00000000a4500000, 0x00000000a4600000|  0%| F|  |TAMS 0x00000000a4500000, 0x00000000a4500000| Untracked 
|  70|0x00000000a4600000, 0x00000000a4694ce0, 0x00000000a4700000| 58%| S|CS|TAMS 0x00000000a4600000, 0x00000000a4600000| Complete 
|  71|0x00000000a4700000, 0x00000000a4700000, 0x00000000a4800000|  0%| F|  |TAMS 0x00000000a4700000, 0x00000000a4700000| Untracked 
|  72|0x00000000a4800000, 0x00000000a4800000, 0x00000000a4900000|  0%| F|  |TAMS 0x00000000a4800000, 0x00000000a4800000| Untracked 
|  73|0x00000000a4900000, 0x00000000a4900000, 0x00000000a4a00000|  0%| F|  |TAMS 0x00000000a4900000, 0x00000000a4900000| Untracked 
|  74|0x00000000a4a00000, 0x00000000a4a00000, 0x00000000a4b00000|  0%| F|  |TAMS 0x00000000a4a00000, 0x00000000a4a00000| Untracked 
|  75|0x00000000a4b00000, 0x00000000a4c00000, 0x00000000a4c00000|100%| S|CS|TAMS 0x00000000a4b00000, 0x00000000a4b00000| Complete 
|  76|0x00000000a4c00000, 0x00000000a4d00000, 0x00000000a4d00000|100%| S|CS|TAMS 0x00000000a4c00000, 0x00000000a4c00000| Complete 
|  77|0x00000000a4d00000, 0x00000000a4d00000, 0x00000000a4e00000|  0%| F|  |TAMS 0x00000000a4d00000, 0x00000000a4d00000| Untracked 
|  78|0x00000000a4e00000, 0x00000000a4f00000, 0x00000000a4f00000|100%| S|CS|TAMS 0x00000000a4e00000, 0x00000000a4e00000| Complete 
|  79|0x00000000a4f00000, 0x00000000a5000000, 0x00000000a5000000|100%| S|CS|TAMS 0x00000000a4f00000, 0x00000000a4f00000| Complete 
|  80|0x00000000a5000000, 0x00000000a5000000, 0x00000000a5100000|  0%| F|  |TAMS 0x00000000a5000000, 0x00000000a5000000| Untracked 
|  81|0x00000000a5100000, 0x00000000a5100000, 0x00000000a5200000|  0%| F|  |TAMS 0x00000000a5100000, 0x00000000a5100000| Untracked 
|  82|0x00000000a5200000, 0x00000000a5200000, 0x00000000a5300000|  0%| F|  |TAMS 0x00000000a5200000, 0x00000000a5200000| Untracked 
|  83|0x00000000a5300000, 0x00000000a5300000, 0x00000000a5400000|  0%| F|  |TAMS 0x00000000a5300000, 0x00000000a5300000| Untracked 
|  84|0x00000000a5400000, 0x00000000a5400000, 0x00000000a5500000|  0%| F|  |TAMS 0x00000000a5400000, 0x00000000a5400000| Untracked 
|  85|0x00000000a5500000, 0x00000000a5500000, 0x00000000a5600000|  0%| F|  |TAMS 0x00000000a5500000, 0x00000000a5500000| Untracked 
|  86|0x00000000a5600000, 0x00000000a5600000, 0x00000000a5700000|  0%| F|  |TAMS 0x00000000a5600000, 0x00000000a5600000| Untracked 
|  87|0x00000000a5700000, 0x00000000a5700000, 0x00000000a5800000|  0%| F|  |TAMS 0x00000000a5700000, 0x00000000a5700000| Untracked 
|  88|0x00000000a5800000, 0x00000000a5800000, 0x00000000a5900000|  0%| F|  |TAMS 0x00000000a5800000, 0x00000000a5800000| Untracked 
|  89|0x00000000a5900000, 0x00000000a5900000, 0x00000000a5a00000|  0%| F|  |TAMS 0x00000000a5900000, 0x00000000a5900000| Untracked 
|  90|0x00000000a5a00000, 0x00000000a5a00000, 0x00000000a5b00000|  0%| F|  |TAMS 0x00000000a5a00000, 0x00000000a5a00000| Untracked 
|  91|0x00000000a5b00000, 0x00000000a5b00000, 0x00000000a5c00000|  0%| F|  |TAMS 0x00000000a5b00000, 0x00000000a5b00000| Untracked 
|  92|0x00000000a5c00000, 0x00000000a5c00000, 0x00000000a5d00000|  0%| F|  |TAMS 0x00000000a5c00000, 0x00000000a5c00000| Untracked 
|  93|0x00000000a5d00000, 0x00000000a5d00000, 0x00000000a5e00000|  0%| F|  |TAMS 0x00000000a5d00000, 0x00000000a5d00000| Untracked 
|  94|0x00000000a5e00000, 0x00000000a5e00000, 0x00000000a5f00000|  0%| F|  |TAMS 0x00000000a5e00000, 0x00000000a5e00000| Untracked 
|  95|0x00000000a5f00000, 0x00000000a5f00000, 0x00000000a6000000|  0%| F|  |TAMS 0x00000000a5f00000, 0x00000000a5f00000| Untracked 
|  96|0x00000000a6000000, 0x00000000a6000000, 0x00000000a6100000|  0%| F|  |TAMS 0x00000000a6000000, 0x00000000a6000000| Untracked 
|  97|0x00000000a6100000, 0x00000000a6100000, 0x00000000a6200000|  0%| F|  |TAMS 0x00000000a6100000, 0x00000000a6100000| Untracked 
|  98|0x00000000a6200000, 0x00000000a6200000, 0x00000000a6300000|  0%| F|  |TAMS 0x00000000a6200000, 0x00000000a6200000| Untracked 
|  99|0x00000000a6300000, 0x00000000a6318c00, 0x00000000a6400000|  9%| E|  |TAMS 0x00000000a6300000, 0x00000000a6300000| Complete 
| 100|0x00000000a6400000, 0x00000000a6500000, 0x00000000a6500000|100%| E|CS|TAMS 0x00000000a6400000, 0x00000000a6400000| Complete 
| 101|0x00000000a6500000, 0x00000000a6600000, 0x00000000a6600000|100%| E|  |TAMS 0x00000000a6500000, 0x00000000a6500000| Complete 
| 102|0x00000000a6600000, 0x00000000a6700000, 0x00000000a6700000|100%| E|CS|TAMS 0x00000000a6600000, 0x00000000a6600000| Complete 
| 103|0x00000000a6700000, 0x00000000a6800000, 0x00000000a6800000|100%| E|CS|TAMS 0x00000000a6700000, 0x00000000a6700000| Complete 
| 104|0x00000000a6800000, 0x00000000a6900000, 0x00000000a6900000|100%| E|CS|TAMS 0x00000000a6800000, 0x00000000a6800000| Complete 
| 105|0x00000000a6900000, 0x00000000a6a00000, 0x00000000a6a00000|100%| E|CS|TAMS 0x00000000a6900000, 0x00000000a6900000| Complete 
| 106|0x00000000a6a00000, 0x00000000a6b00000, 0x00000000a6b00000|100%| E|CS|TAMS 0x00000000a6a00000, 0x00000000a6a00000| Complete 
| 107|0x00000000a6b00000, 0x00000000a6c00000, 0x00000000a6c00000|100%| E|CS|TAMS 0x00000000a6b00000, 0x00000000a6b00000| Complete 
| 108|0x00000000a6c00000, 0x00000000a6d00000, 0x00000000a6d00000|100%| E|CS|TAMS 0x00000000a6c00000, 0x00000000a6c00000| Complete 
| 109|0x00000000a6d00000, 0x00000000a6e00000, 0x00000000a6e00000|100%| E|CS|TAMS 0x00000000a6d00000, 0x00000000a6d00000| Complete 
| 110|0x00000000a6e00000, 0x00000000a6f00000, 0x00000000a6f00000|100%| E|CS|TAMS 0x00000000a6e00000, 0x00000000a6e00000| Complete 
| 111|0x00000000a6f00000, 0x00000000a7000000, 0x00000000a7000000|100%| E|CS|TAMS 0x00000000a6f00000, 0x00000000a6f00000| Complete 
| 112|0x00000000a7000000, 0x00000000a7100000, 0x00000000a7100000|100%| E|CS|TAMS 0x00000000a7000000, 0x00000000a7000000| Complete 
| 113|0x00000000a7100000, 0x00000000a7200000, 0x00000000a7200000|100%| E|CS|TAMS 0x00000000a7100000, 0x00000000a7100000| Complete 
| 114|0x00000000a7200000, 0x00000000a7300000, 0x00000000a7300000|100%| E|CS|TAMS 0x00000000a7200000, 0x00000000a7200000| Complete 
| 115|0x00000000a7300000, 0x00000000a7400000, 0x00000000a7400000|100%| E|CS|TAMS 0x00000000a7300000, 0x00000000a7300000| Complete 
| 116|0x00000000a7400000, 0x00000000a7500000, 0x00000000a7500000|100%| E|CS|TAMS 0x00000000a7400000, 0x00000000a7400000| Complete 
| 117|0x00000000a7500000, 0x00000000a7600000, 0x00000000a7600000|100%| E|CS|TAMS 0x00000000a7500000, 0x00000000a7500000| Complete 
| 118|0x00000000a7600000, 0x00000000a7700000, 0x00000000a7700000|100%| E|CS|TAMS 0x00000000a7600000, 0x00000000a7600000| Complete 
| 119|0x00000000a7700000, 0x00000000a7800000, 0x00000000a7800000|100%| E|CS|TAMS 0x00000000a7700000, 0x00000000a7700000| Complete 
| 120|0x00000000a7800000, 0x00000000a7900000, 0x00000000a7900000|100%| E|CS|TAMS 0x00000000a7800000, 0x00000000a7800000| Complete 
| 121|0x00000000a7900000, 0x00000000a7a00000, 0x00000000a7a00000|100%| E|CS|TAMS 0x00000000a7900000, 0x00000000a7900000| Complete 
| 122|0x00000000a7a00000, 0x00000000a7b00000, 0x00000000a7b00000|100%| E|CS|TAMS 0x00000000a7a00000, 0x00000000a7a00000| Complete 
| 123|0x00000000a7b00000, 0x00000000a7c00000, 0x00000000a7c00000|100%| E|CS|TAMS 0x00000000a7b00000, 0x00000000a7b00000| Complete 
| 124|0x00000000a7c00000, 0x00000000a7d00000, 0x00000000a7d00000|100%| E|CS|TAMS 0x00000000a7c00000, 0x00000000a7c00000| Complete 
| 125|0x00000000a7d00000, 0x00000000a7e00000, 0x00000000a7e00000|100%| E|CS|TAMS 0x00000000a7d00000, 0x00000000a7d00000| Complete 

Card table byte_map: [0x0000016b72da0000,0x0000016b730a0000] _byte_map_base: 0x0000016b728a0000

Marking Bits (Prev, Next): (CMBitMap*) 0x0000016b6ee211f0, (CMBitMap*) 0x0000016b6ee211b8
 Prev Bits: [0x0000016b74ba0000, 0x0000016b763a0000)
 Next Bits: [0x0000016b733a0000, 0x0000016b74ba0000)

Polling page: 0x0000016b6e5d0000

Metaspace:

Usage:
  Non-class:     69.67 MB capacity,    68.46 MB ( 98%) used,     1.02 MB (  1%) free+waste,   199.75 KB ( <1%) overhead. 
      Class:     10.90 MB capacity,    10.24 MB ( 94%) used,   582.34 KB (  5%) free+waste,    91.44 KB ( <1%) overhead. 
       Both:     80.57 MB capacity,    78.70 MB ( 98%) used,     1.59 MB (  2%) free+waste,   291.19 KB ( <1%) overhead. 

Virtual space:
  Non-class space:       70.00 MB reserved,      69.75 MB (>99%) committed 
      Class space:        1.00 GB reserved,      11.00 MB (  1%) committed 
             Both:        1.07 GB reserved,      80.75 MB (  7%) committed 

Chunk freelists:
   Non-Class:  13.00 KB
       Class:  9.00 KB
        Both:  22.00 KB

MaxMetaspaceSize: 17179869184.00 GB
CompressedClassSpaceSize: 1.00 GB

CodeHeap 'non-profiled nmethods': size=120000Kb used=4936Kb max_used=4936Kb free=115063Kb
 bounds [0x0000016b07ad0000, 0x0000016b07fb0000, 0x0000016b0f000000]
CodeHeap 'profiled nmethods': size=120000Kb used=18380Kb max_used=18380Kb free=101619Kb
 bounds [0x0000016b005a0000, 0x0000016b017a0000, 0x0000016b07ad0000]
CodeHeap 'non-nmethods': size=5760Kb used=2268Kb max_used=2312Kb free=3491Kb
 bounds [0x0000016b00000000, 0x0000016b00270000, 0x0000016b005a0000]
 total_blobs=9442 nmethods=8574 adapters=778
 compilation: enabled
              stopped_count=0, restarted_count=0
 full_count=0

Compilation events (20 events):
Event: 56.754 Thread 0x0000016b78dfb800 8770   !   3       sun.nio.cs.StreamDecoder::close (37 bytes)
Event: 56.755 Thread 0x0000016b78dfb800 nmethod 8770 0x0000016b01762210 code [0x0000016b01762400, 0x0000016b01762998]
Event: 56.755 Thread 0x0000016b78dfb800 8771       3       sun.nio.cs.StreamDecoder::implClose (27 bytes)
Event: 56.755 Thread 0x0000016b78dfb800 nmethod 8771 0x0000016b01762b90 code [0x0000016b01762d60, 0x0000016b01763038]
Event: 56.791 Thread 0x0000016b78dfb800 8773       3       java.io.InputStreamReader::close (8 bytes)
Event: 56.791 Thread 0x0000016b78dfb800 nmethod 8773 0x0000016b01763110 code [0x0000016b017632c0, 0x0000016b01763408]
Event: 56.801 Thread 0x0000016b78dfb800 8774       3       org.gradle.internal.execution.history.impl.DefaultPreviousExecutionStateSerializer::readValueSnapshot (14 bytes)
Event: 56.801 Thread 0x0000016b78dfb800 nmethod 8774 0x0000016b01763510 code [0x0000016b017636e0, 0x0000016b017639a8]
Event: 56.801 Thread 0x0000016b78dfb800 8775       3       org.gradle.internal.snapshot.impl.SnapshotSerializer::read (6 bytes)
Event: 56.801 Thread 0x0000016b78dfb800 nmethod 8775 0x0000016b01763a90 code [0x0000016b01763c40, 0x0000016b01763d88]
Event: 56.801 Thread 0x0000016b78dfb800 8776   !   3       org.gradle.internal.execution.steps.CaptureStateBeforeExecutionStep::lambda$fingerprintInputProperties$2 (95 bytes)
Event: 56.802 Thread 0x0000016b78dfb800 nmethod 8776 0x0000016b01763e10 code [0x0000016b01764180, 0x0000016b017658b8]
Event: 56.802 Thread 0x0000016b78dfb800 8777       3       org.gradle.internal.snapshot.impl.DefaultValueSnapshotter::snapshot (9 bytes)
Event: 56.802 Thread 0x0000016b78dfb800 nmethod 8777 0x0000016b01766210 code [0x0000016b017663c0, 0x0000016b01766588]
Event: 56.804 Thread 0x0000016b78dfb800 8778       3       org.gradle.internal.execution.steps.CaptureStateBeforeExecutionStep$$Lambda$604/0x0000000100a0ec40::visitInputProperty (22 bytes)
Event: 56.804 Thread 0x0000016b78dfb800 nmethod 8778 0x0000016b01766690 code [0x0000016b01766840, 0x0000016b01766988]
Event: 56.806 Thread 0x0000016b78dfb800 8779       3       org.gradle.internal.snapshot.SnapshotUtil::handleChildren (39 bytes)
Event: 56.806 Thread 0x0000016b78dfb800 nmethod 8779 0x0000016b01766a10 code [0x0000016b01766c40, 0x0000016b01767368]
Event: 56.806 Thread 0x0000016b78dfb800 8780       3       org.gradle.internal.snapshot.SnapshotUtil$2::handleDescendant (5 bytes)
Event: 56.807 Thread 0x0000016b78dfb800 nmethod 8780 0x0000016b01767610 code [0x0000016b017677c0, 0x0000016b017678e8]

GC Heap History (20 events):
Event: 17.211 GC heap before
{Heap before GC invocations=7 (full 0):
 garbage-first heap   total 129024K, used 81511K [0x00000000a0000000, 0x0000000100000000)
  region size 1024K, 62 young (63488K), 6 survivors (6144K)
 Metaspace       used 40693K, capacity 41612K, committed 41856K, reserved 1085440K
  class space    used 5198K, capacity 5502K, committed 5504K, reserved 1048576K
}
Event: 17.217 GC heap after
{Heap after GC invocations=8 (full 0):
 garbage-first heap   total 129024K, used 24539K [0x00000000a0000000, 0x0000000100000000)
  region size 1024K, 7 young (7168K), 7 survivors (7168K)
 Metaspace       used 40693K, capacity 41612K, committed 41856K, reserved 1085440K
  class space    used 5198K, capacity 5502K, committed 5504K, reserved 1048576K
}
Event: 20.369 GC heap before
{Heap before GC invocations=8 (full 0):
 garbage-first heap   total 129024K, used 82907K [0x00000000a0000000, 0x0000000100000000)
  region size 1024K, 64 young (65536K), 7 survivors (7168K)
 Metaspace       used 44283K, capacity 45341K, committed 45568K, reserved 1089536K
  class space    used 5676K, capacity 6046K, committed 6144K, reserved 1048576K
}
Event: 20.375 GC heap after
{Heap after GC invocations=9 (full 0):
 garbage-first heap   total 129024K, used 27423K [0x00000000a0000000, 0x0000000100000000)
  region size 1024K, 7 young (7168K), 7 survivors (7168K)
 Metaspace       used 44283K, capacity 45341K, committed 45568K, reserved 1089536K
  class space    used 5676K, capacity 6046K, committed 6144K, reserved 1048576K
}
Event: 29.598 GC heap before
{Heap before GC invocations=9 (full 0):
 garbage-first heap   total 129024K, used 88863K [0x00000000a0000000, 0x0000000100000000)
  region size 1024K, 65 young (66560K), 7 survivors (7168K)
 Metaspace       used 50086K, capacity 51370K, committed 51712K, reserved 1093632K
  class space    used 6370K, capacity 6785K, committed 6912K, reserved 1048576K
}
Event: 29.610 GC heap after
{Heap after GC invocations=10 (full 0):
 garbage-first heap   total 129024K, used 37069K [0x00000000a0000000, 0x0000000100000000)
  region size 1024K, 9 young (9216K), 9 survivors (9216K)
 Metaspace       used 50086K, capacity 51370K, committed 51712K, reserved 1093632K
  class space    used 6370K, capacity 6785K, committed 6912K, reserved 1048576K
}
Event: 35.136 GC heap before
{Heap before GC invocations=10 (full 0):
 garbage-first heap   total 129024K, used 92365K [0x00000000a0000000, 0x0000000100000000)
  region size 1024K, 63 young (64512K), 9 survivors (9216K)
 Metaspace       used 57272K, capacity 58623K, committed 58752K, reserved 1099776K
  class space    used 7292K, capacity 7759K, committed 7808K, reserved 1048576K
}
Event: 35.143 GC heap after
{Heap after GC invocations=11 (full 0):
 garbage-first heap   total 129024K, used 41754K [0x00000000a0000000, 0x0000000100000000)
  region size 1024K, 5 young (5120K), 5 survivors (5120K)
 Metaspace       used 57272K, capacity 58623K, committed 58752K, reserved 1099776K
  class space    used 7292K, capacity 7759K, committed 7808K, reserved 1048576K
}
Event: 35.859 GC heap before
{Heap before GC invocations=11 (full 0):
 garbage-first heap   total 129024K, used 56090K [0x00000000a0000000, 0x0000000100000000)
  region size 1024K, 20 young (20480K), 5 survivors (5120K)
 Metaspace       used 58726K, capacity 60126K, committed 60160K, reserved 1101824K
  class space    used 7433K, capacity 7934K, committed 7936K, reserved 1048576K
}
Event: 35.862 GC heap after
{Heap after GC invocations=12 (full 0):
 garbage-first heap   total 129024K, used 43115K [0x00000000a0000000, 0x0000000100000000)
  region size 1024K, 6 young (6144K), 6 survivors (6144K)
 Metaspace       used 58726K, capacity 60126K, committed 60160K, reserved 1101824K
  class space    used 7433K, capacity 7934K, committed 7936K, reserved 1048576K
}
Event: 37.715 GC heap before
{Heap before GC invocations=13 (full 0):
 garbage-first heap   total 129024K, used 97387K [0x00000000a0000000, 0x0000000100000000)
  region size 1024K, 59 young (60416K), 6 survivors (6144K)
 Metaspace       used 62462K, capacity 63876K, committed 64128K, reserved 1105920K
  class space    used 8044K, capacity 8542K, committed 8576K, reserved 1048576K
}
Event: 37.721 GC heap after
{Heap after GC invocations=14 (full 0):
 garbage-first heap   total 129024K, used 46809K [0x00000000a0000000, 0x0000000100000000)
  region size 1024K, 6 young (6144K), 6 survivors (6144K)
 Metaspace       used 62462K, capacity 63876K, committed 64128K, reserved 1105920K
  class space    used 8044K, capacity 8542K, committed 8576K, reserved 1048576K
}
Event: 40.613 GC heap before
{Heap before GC invocations=14 (full 0):
 garbage-first heap   total 129024K, used 99033K [0x00000000a0000000, 0x0000000100000000)
  region size 1024K, 57 young (58368K), 6 survivors (6144K)
 Metaspace       used 67437K, capacity 69044K, committed 69376K, reserved 1110016K
  class space    used 8822K, capacity 9373K, committed 9472K, reserved 1048576K
}
Event: 40.618 GC heap after
{Heap after GC invocations=15 (full 0):
 garbage-first heap   total 129024K, used 50450K [0x00000000a0000000, 0x0000000100000000)
  region size 1024K, 4 young (4096K), 4 survivors (4096K)
 Metaspace       used 67437K, capacity 69044K, committed 69376K, reserved 1110016K
  class space    used 8822K, capacity 9373K, committed 9472K, reserved 1048576K
}
Event: 45.448 GC heap before
{Heap before GC invocations=15 (full 0):
 garbage-first heap   total 129024K, used 100626K [0x00000000a0000000, 0x0000000100000000)
  region size 1024K, 53 young (54272K), 4 survivors (4096K)
 Metaspace       used 73919K, capacity 75688K, committed 75904K, reserved 1114112K
  class space    used 9664K, capacity 10282K, committed 10368K, reserved 1048576K
}
Event: 45.456 GC heap after
{Heap after GC invocations=16 (full 0):
 garbage-first heap   total 129024K, used 53193K [0x00000000a0000000, 0x0000000100000000)
  region size 1024K, 7 young (7168K), 7 survivors (7168K)
 Metaspace       used 73919K, capacity 75688K, committed 75904K, reserved 1114112K
  class space    used 9664K, capacity 10282K, committed 10368K, reserved 1048576K
}
Event: 51.582 GC heap before
{Heap before GC invocations=16 (full 0):
 garbage-first heap   total 129024K, used 101321K [0x00000000a0000000, 0x0000000100000000)
  region size 1024K, 55 young (56320K), 7 survivors (7168K)
 Metaspace       used 75419K, capacity 77216K, committed 77312K, reserved 1116160K
  class space    used 9841K, capacity 10482K, committed 10496K, reserved 1048576K
}
Event: 51.591 GC heap after
{Heap after GC invocations=17 (full 0):
 garbage-first heap   total 129024K, used 56759K [0x00000000a0000000, 0x0000000100000000)
  region size 1024K, 7 young (7168K), 7 survivors (7168K)
 Metaspace       used 75419K, capacity 77216K, committed 77312K, reserved 1116160K
  class space    used 9841K, capacity 10482K, committed 10496K, reserved 1048576K
}
Event: 55.936 GC heap before
{Heap before GC invocations=17 (full 0):
 garbage-first heap   total 129024K, used 102839K [0x00000000a0000000, 0x0000000100000000)
  region size 1024K, 53 young (54272K), 7 survivors (7168K)
 Metaspace       used 78849K, capacity 80826K, committed 81152K, reserved 1120256K
  class space    used 10272K, capacity 10923K, committed 11008K, reserved 1048576K
}
Event: 55.940 GC heap after
{Heap after GC invocations=18 (full 0):
 garbage-first heap   total 129024K, used 57882K [0x00000000a0000000, 0x0000000100000000)
  region size 1024K, 5 young (5120K), 5 survivors (5120K)
 Metaspace       used 78849K, capacity 80826K, committed 81152K, reserved 1120256K
  class space    used 10272K, capacity 10923K, committed 11008K, reserved 1048576K
}

Deoptimization events (20 events):
Event: 56.628 Thread 0x0000016b7e08f000 Uncommon trap: trap_request=0xffffffc6 fr.pc=0x0000016b07f4e440 relative=0x0000000000004d60
Event: 56.628 Thread 0x0000016b7e08f000 Uncommon trap: reason=bimorphic_or_optimized_type_check action=maybe_recompile pc=0x0000016b07f4e440 method=org.gradle.internal.snapshot.SnapshotUtil.getMetadataFromChildren(Ljava/util/List;Lorg/gradle/internal/snapshot/VfsRelativePath;Lorg/gradle/interna
Event: 56.628 Thread 0x0000016b7e08f000 DEOPT PACKING pc=0x0000016b07f4e440 sp=0x0000006a693fc080
Event: 56.628 Thread 0x0000016b7e08f000 DEOPT UNPACKING pc=0x0000016b000274af sp=0x0000006a693fc038 mode 2
Event: 56.701 Thread 0x0000016b7e08f000 Uncommon trap: trap_request=0xffffffbe fr.pc=0x0000016b07fa13dc relative=0x000000000000071c
Event: 56.701 Thread 0x0000016b7e08f000 Uncommon trap: reason=profile_predicate action=maybe_recompile pc=0x0000016b07fa13dc method=org.gradle.internal.snapshot.SearchUtil.binarySearch(Ljava/util/List;Ljava/lang/Comparable;)I @ 88 c2
Event: 56.701 Thread 0x0000016b7e08f000 DEOPT PACKING pc=0x0000016b07fa13dc sp=0x0000006a693fc5c0
Event: 56.701 Thread 0x0000016b7e08f000 DEOPT UNPACKING pc=0x0000016b000274af sp=0x0000006a693fc558 mode 2
Event: 56.701 Thread 0x0000016b7e08f000 Uncommon trap: trap_request=0xffffffbe fr.pc=0x0000016b07fa13dc relative=0x000000000000071c
Event: 56.701 Thread 0x0000016b7e08f000 Uncommon trap: reason=profile_predicate action=maybe_recompile pc=0x0000016b07fa13dc method=org.gradle.internal.snapshot.SearchUtil.binarySearch(Ljava/util/List;Ljava/lang/Comparable;)I @ 88 c2
Event: 56.701 Thread 0x0000016b7e08f000 DEOPT PACKING pc=0x0000016b07fa13dc sp=0x0000006a693fc470
Event: 56.701 Thread 0x0000016b7e08f000 DEOPT UNPACKING pc=0x0000016b000274af sp=0x0000006a693fc408 mode 2
Event: 56.705 Thread 0x0000016b7e08f000 Uncommon trap: trap_request=0xffffffbe fr.pc=0x0000016b07fa13dc relative=0x000000000000071c
Event: 56.705 Thread 0x0000016b7e08f000 Uncommon trap: reason=profile_predicate action=maybe_recompile pc=0x0000016b07fa13dc method=org.gradle.internal.snapshot.SearchUtil.binarySearch(Ljava/util/List;Ljava/lang/Comparable;)I @ 88 c2
Event: 56.705 Thread 0x0000016b7e08f000 DEOPT PACKING pc=0x0000016b07fa13dc sp=0x0000006a693fadc0
Event: 56.705 Thread 0x0000016b7e08f000 DEOPT UNPACKING pc=0x0000016b000274af sp=0x0000006a693fad58 mode 2
Event: 56.705 Thread 0x0000016b7e08f000 Uncommon trap: trap_request=0xffffffbe fr.pc=0x0000016b07fa13dc relative=0x000000000000071c
Event: 56.705 Thread 0x0000016b7e08f000 Uncommon trap: reason=profile_predicate action=maybe_recompile pc=0x0000016b07fa13dc method=org.gradle.internal.snapshot.SearchUtil.binarySearch(Ljava/util/List;Ljava/lang/Comparable;)I @ 88 c2
Event: 56.705 Thread 0x0000016b7e08f000 DEOPT PACKING pc=0x0000016b07fa13dc sp=0x0000006a693faa00
Event: 56.705 Thread 0x0000016b7e08f000 DEOPT UNPACKING pc=0x0000016b000274af sp=0x0000006a693fa998 mode 2

Classes redefined (0 events):
No events

Internal exceptions (20 events):
Event: 44.137 Thread 0x0000016b7b4c0000 Exception <a 'java/lang/NoSuchMethodError'{0x00000000a5115d90}: <clinit>> (0x00000000a5115d90) thrown at [./src/hotspot/share/prims/jni.cpp, line 1362]
Event: 44.139 Thread 0x0000016b7d4b8800 Exception <a 'java/lang/NoSuchMethodError'{0x00000000a511f978}: 'java.lang.Object java.lang.invoke.Invokers$Holder.linkToTargetMethod(java.lang.Object, java.lang.Object, java.lang.Object, java.lang.Object, java.lang.Object, java.lang.Object, java.lang.Object, java.lang.Object)'> (0x00000000a511f978) thrown at [./src/hotspot/share/interpreter/linkResolver.cpp, line 773]
Event: 44.212 Thread 0x0000016b7d4b4800 Exception <a 'java/lang/NoSuchMethodError'{0x00000000a50aa110}: <clinit>> (0x00000000a50aa110) thrown at [./src/hotspot/share/prims/jni.cpp, line 1362]
Event: 44.214 Thread 0x0000016b7d4b4800 Exception <a 'java/lang/NoSuchMethodError'{0x00000000a4f06a68}: <clinit>> (0x00000000a4f06a68) thrown at [./src/hotspot/share/prims/jni.cpp, line 1362]
Event: 45.273 Thread 0x0000016b7b4c0000 Exception <a 'java/lang/NoSuchMethodError'{0x00000000a4d5ce60}: <clinit>> (0x00000000a4d5ce60) thrown at [./src/hotspot/share/prims/jni.cpp, line 1362]
Event: 46.001 Thread 0x0000016b7d4b8800 Exception <a 'java/lang/NoSuchMethodError'{0x00000000a7758658}: 'java.lang.Object java.lang.invoke.Invokers$Holder.linkToTargetMethod(java.lang.Object, java.lang.Object, java.lang.Object, java.lang.Object, java.lang.Object, java.lang.Object, java.lang.Object)'> (0x00000000a7758658) thrown at [./src/hotspot/share/interpreter/linkResolver.cpp, line 773]
Event: 47.154 Thread 0x0000016b797b8000 Exception <a 'java/lang/NoSuchMethodError'{0x00000000a70559d0}: 'java.lang.Object java.lang.invoke.DirectMethodHandle$Holder.invokeSpecialIFC(java.lang.Object, java.lang.Object, java.lang.Object)'> (0x00000000a70559d0) thrown at [./src/hotspot/share/interpreter/linkResolver.cpp, line 773]
Event: 47.154 Thread 0x0000016b797bc800 Exception <a 'java/lang/NoSuchMethodError'{0x00000000a701b6e0}: 'java.lang.Object java.lang.invoke.DirectMethodHandle$Holder.invokeSpecialIFC(java.lang.Object, java.lang.Object, java.lang.Object)'> (0x00000000a701b6e0) thrown at [./src/hotspot/share/interpreter/linkResolver.cpp, line 773]
Event: 47.154 Thread 0x0000016b7d4b8800 Exception <a 'java/lang/NoSuchMethodError'{0x00000000a706f290}: 'java.lang.Object java.lang.invoke.DirectMethodHandle$Holder.invokeSpecialIFC(java.lang.Object, java.lang.Object, java.lang.Object)'> (0x00000000a706f290) thrown at [./src/hotspot/share/interpreter/linkResolver.cpp, line 773]
Event: 47.154 Thread 0x0000016b797b6800 Exception <a 'java/lang/NoSuchMethodError'{0x00000000a7061590}: 'java.lang.Object java.lang.invoke.DirectMethodHandle$Holder.invokeSpecialIFC(java.lang.Object, java.lang.Object, java.lang.Object)'> (0x00000000a7061590) thrown at [./src/hotspot/share/interpreter/linkResolver.cpp, line 773]
Event: 47.154 Thread 0x0000016b797b5000 Exception <a 'java/lang/NoSuchMethodError'{0x00000000a71f69f0}: 'java.lang.Object java.lang.invoke.DirectMethodHandle$Holder.invokeSpecialIFC(java.lang.Object, java.lang.Object, java.lang.Object)'> (0x00000000a71f69f0) thrown at [./src/hotspot/share/interpreter/linkResolver.cpp, line 773]
Event: 47.154 Thread 0x0000016b797bb800 Exception <a 'java/lang/NoSuchMethodError'{0x00000000a7526cd0}: 'java.lang.Object java.lang.invoke.DirectMethodHandle$Holder.invokeSpecialIFC(java.lang.Object, java.lang.Object, java.lang.Object)'> (0x00000000a7526cd0) thrown at [./src/hotspot/share/interpreter/linkResolver.cpp, line 773]
Event: 47.154 Thread 0x0000016b797b4000 Exception <a 'java/lang/NoSuchMethodError'{0x00000000a7649a10}: 'java.lang.Object java.lang.invoke.DirectMethodHandle$Holder.invokeSpecialIFC(java.lang.Object, java.lang.Object, java.lang.Object)'> (0x00000000a7649a10) thrown at [./src/hotspot/share/interpreter/linkResolver.cpp, line 773]
Event: 51.986 Thread 0x0000016b7d4b8800 Exception <a 'java/lang/NoSuchMethodError'{0x00000000a7ae80b8}: <clinit>> (0x00000000a7ae80b8) thrown at [./src/hotspot/share/prims/jni.cpp, line 1362]
Event: 52.619 Thread 0x0000016b797bc800 Implicit null exception at 0x0000016b07f3c164 to 0x0000016b07f3c8f8
Event: 52.954 Thread 0x0000016b7d4b8800 Exception <a 'java/lang/NoSuchMethodError'{0x00000000a74b66f8}: 'java.lang.Object java.lang.invoke.DirectMethodHandle$Holder.invokeSpecial(java.lang.Object, java.lang.Object, int, java.lang.Object, java.lang.Object)'> (0x00000000a74b66f8) thrown at [./src/hotspot/share/interpreter/linkResolver.cpp, line 773]
Event: 52.954 Thread 0x0000016b7d4b8800 Exception <a 'java/lang/NoSuchMethodError'{0x00000000a74bec88}: 'java.lang.Object java.lang.invoke.DirectMethodHandle$Holder.invokeStatic(java.lang.Object, java.lang.Object, int, java.lang.Object)'> (0x00000000a74bec88) thrown at [./src/hotspot/share/interpreter/linkResolver.cpp, line 773]
Event: 52.955 Thread 0x0000016b7d4b8800 Exception <a 'java/lang/NoSuchMethodError'{0x00000000a74c2980}: 'java.lang.Object java.lang.invoke.Invokers$Holder.linkToTargetMethod(java.lang.Object, int, java.lang.Object, java.lang.Object)'> (0x00000000a74c2980) thrown at [./src/hotspot/share/interpreter/linkResolver.cpp, line 773]
Event: 52.956 Thread 0x0000016b7d4b8800 Exception <a 'java/lang/NoSuchMethodError'{0x00000000a74d9558}: 'void java.lang.invoke.DirectMethodHandle$Holder.invokeVirtual(java.lang.Object, java.lang.Object)'> (0x00000000a74d9558) thrown at [./src/hotspot/share/interpreter/linkResolver.cpp, line 773]
Event: 55.019 Thread 0x0000016b7b4c0000 Exception <a 'java/lang/NoSuchMethodError'{0x00000000a612fd80}: <clinit>> (0x00000000a612fd80) thrown at [./src/hotspot/share/prims/jni.cpp, line 1362]

Events (20 events):
Event: 56.629 loading class org/gradle/internal/snapshot/UnknownSnapshot
Event: 56.629 loading class org/gradle/internal/snapshot/UnknownSnapshot done
Event: 56.629 Executing VM operation: Deoptimize
Event: 56.630 Executing VM operation: Deoptimize done
Event: 56.633 loading class org/gradle/api/file/ReproducibleFileVisitor
Event: 56.633 loading class org/gradle/api/file/ReproducibleFileVisitor done
Event: 56.633 loading class org/gradle/api/internal/file/collections/DefaultDirectoryWalker$PathVisitor
Event: 56.633 loading class org/gradle/api/internal/file/collections/DefaultDirectoryWalker$PathVisitor done
Event: 56.634 Executing VM operation: Deoptimize
Event: 56.634 Executing VM operation: Deoptimize done
Event: 56.635 loading class java/nio/file/FileTreeWalker$1
Event: 56.635 loading class java/nio/file/FileTreeWalker$1 done
Event: 56.635 loading class org/gradle/api/internal/file/DefaultFileVisitDetails
Event: 56.635 loading class org/gradle/api/internal/file/DefaultFileVisitDetails done
Event: 56.635 loading class org/gradle/api/internal/file/DefaultFileTreeElement
Event: 56.635 loading class org/gradle/api/internal/file/DefaultFileTreeElement done
Event: 56.636 loading class org/gradle/api/internal/file/AbstractFileTreeElement
Event: 56.636 loading class org/gradle/api/internal/file/AbstractFileTreeElement done
Event: 56.636 loading class org/gradle/api/internal/file/AbstractFileTreeElement$CopyFileElementException
Event: 56.636 loading class org/gradle/api/internal/file/AbstractFileTreeElement$CopyFileElementException done


Dynamic libraries:
0x00007ff795400000 - 0x00007ff79540a000 	D:\Android\Android Studio\jre\bin\java.exe
0x00007fffbcb10000 - 0x00007fffbcd05000 	C:\WINDOWS\SYSTEM32\ntdll.dll
0x00007fffbbe40000 - 0x00007fffbbefd000 	C:\WINDOWS\System32\KERNEL32.DLL
0x00007fffba7c0000 - 0x00007fffbaa89000 	C:\WINDOWS\System32\KERNELBASE.dll
0x00007fffba390000 - 0x00007fffba490000 	C:\WINDOWS\System32\ucrtbase.dll
0x00007fff85430000 - 0x00007fff85449000 	D:\Android\Android Studio\jre\bin\jli.dll
0x00007fffa2af0000 - 0x00007fffa2b07000 	D:\Android\Android Studio\jre\bin\VCRUNTIME140.dll
0x00007fffbb7c0000 - 0x00007fffbb960000 	C:\WINDOWS\System32\USER32.dll
0x00007fffba680000 - 0x00007fffba6a2000 	C:\WINDOWS\System32\win32u.dll
0x00007fffbb5e0000 - 0x00007fffbb60a000 	C:\WINDOWS\System32\GDI32.dll
0x00007fffba6b0000 - 0x00007fffba7bb000 	C:\WINDOWS\System32\gdi32full.dll
0x00007fffbaae0000 - 0x00007fffbab7d000 	C:\WINDOWS\System32\msvcp_win.dll
0x00007fffa0480000 - 0x00007fffa071a000 	C:\WINDOWS\WinSxS\amd64_microsoft.windows.common-controls_6595b64144ccf1df_6.0.19041.1110_none_60b5254171f9507e\COMCTL32.dll
0x00007fffbbda0000 - 0x00007fffbbe3e000 	C:\WINDOWS\System32\msvcrt.dll
0x00007fffbbbc0000 - 0x00007fffbbbf0000 	C:\WINDOWS\System32\IMM32.DLL
0x00007fff6fe70000 - 0x00007fff6ff0d000 	D:\Android\Android Studio\jre\bin\msvcp140.dll
0x00007fff6e890000 - 0x00007fff6f34c000 	D:\Android\Android Studio\jre\bin\server\jvm.dll
0x00007fffbacc0000 - 0x00007fffbad6c000 	C:\WINDOWS\System32\ADVAPI32.dll
0x00007fffbbf00000 - 0x00007fffbbf9b000 	C:\WINDOWS\System32\sechost.dll
0x00007fffbb030000 - 0x00007fffbb15a000 	C:\WINDOWS\System32\RPCRT4.dll
0x00007fffbbfa0000 - 0x00007fffbbfa8000 	C:\WINDOWS\System32\PSAPI.DLL
0x00007fffa34b0000 - 0x00007fffa34d7000 	C:\WINDOWS\SYSTEM32\WINMM.dll
0x00007fffa0d20000 - 0x00007fffa0d29000 	C:\WINDOWS\SYSTEM32\WSOCK32.dll
0x00007fffbbb50000 - 0x00007fffbbbbb000 	C:\WINDOWS\System32\WS2_32.dll
0x00007fffb0fc0000 - 0x00007fffb0fca000 	C:\WINDOWS\SYSTEM32\VERSION.dll
0x00007fffb8b40000 - 0x00007fffb8b52000 	C:\WINDOWS\SYSTEM32\kernel.appcore.dll
0x00007fffa2bb0000 - 0x00007fffa2bc1000 	D:\Android\Android Studio\jre\bin\verify.dll
0x00007fffb8090000 - 0x00007fffb8274000 	C:\WINDOWS\SYSTEM32\DBGHELP.DLL
0x00007fffaf930000 - 0x00007fffaf95c000 	C:\WINDOWS\SYSTEM32\dbgcore.DLL
0x00007fffba5f0000 - 0x00007fffba673000 	C:\WINDOWS\System32\bcryptPrimitives.dll
0x00007fffa2b10000 - 0x00007fffa2b39000 	D:\Android\Android Studio\jre\bin\java.dll
0x00007fffb5100000 - 0x00007fffb510b000 	D:\Android\Android Studio\jre\bin\jimage.dll
0x00007fffa2b60000 - 0x00007fffa2b78000 	D:\Android\Android Studio\jre\bin\zip.dll
0x00007fffbbfb0000 - 0x00007fffbc6ef000 	C:\WINDOWS\System32\SHELL32.dll
0x00007fffb8360000 - 0x00007fffb8af1000 	C:\WINDOWS\SYSTEM32\windows.storage.dll
0x00007fffbc710000 - 0x00007fffbca65000 	C:\WINDOWS\System32\combase.dll
0x00007fffb9bf0000 - 0x00007fffb9c1c000 	C:\WINDOWS\SYSTEM32\Wldp.dll
0x00007fffbbaa0000 - 0x00007fffbbb4e000 	C:\WINDOWS\System32\SHCORE.dll
0x00007fffbafd0000 - 0x00007fffbb025000 	C:\WINDOWS\System32\shlwapi.dll
0x00007fffba190000 - 0x00007fffba1af000 	C:\WINDOWS\SYSTEM32\profapi.dll
0x00007fffa2ad0000 - 0x00007fffa2aea000 	D:\Android\Android Studio\jre\bin\net.dll
0x00007fffa9440000 - 0x00007fffa954a000 	C:\WINDOWS\SYSTEM32\WINHTTP.dll
0x00007fffb9950000 - 0x00007fffb99ba000 	C:\WINDOWS\system32\mswsock.dll
0x00007fff9d840000 - 0x00007fff9d854000 	D:\Android\Android Studio\jre\bin\nio.dll
0x00007fff8b410000 - 0x00007fff8b437000 	D:\Android\.gradle\native\fdc75f09e3144964f2cf3f50f0aa648679c211496f362492102eb8c894070792\windows-amd64\native-platform.dll
0x00007fff69370000 - 0x00007fff69506000 	D:\Android\.gradle\native\12488b8bf47d2d4c9fbf2f6322a914ad602e24e48041cd04a747c6da556b65c4\windows-amd64\native-platform-file-events.dll
0x00007fffa2f80000 - 0x00007fffa2f8a000 	D:\Android\Android Studio\jre\bin\management.dll
0x00007fffa2ba0000 - 0x00007fffa2bac000 	D:\Android\Android Studio\jre\bin\management_ext.dll
0x00007fffb9b30000 - 0x00007fffb9b48000 	C:\WINDOWS\SYSTEM32\CRYPTSP.dll
0x00007fffb92f0000 - 0x00007fffb9324000 	C:\WINDOWS\system32\rsaenh.dll
0x00007fffba2b0000 - 0x00007fffba2d7000 	C:\WINDOWS\System32\bcrypt.dll
0x00007fffba150000 - 0x00007fffba17e000 	C:\WINDOWS\SYSTEM32\USERENV.dll
0x00007fffb9b50000 - 0x00007fffb9b5c000 	C:\WINDOWS\SYSTEM32\CRYPTBASE.dll
0x00007fffb9640000 - 0x00007fffb967b000 	C:\WINDOWS\SYSTEM32\IPHLPAPI.DLL
0x00007fffbb5d0000 - 0x00007fffbb5d8000 	C:\WINDOWS\System32\NSI.dll
0x00007fffb03a0000 - 0x00007fffb03b7000 	C:\WINDOWS\SYSTEM32\dhcpcsvc6.DLL
0x00007fffb0de0000 - 0x00007fffb0dfd000 	C:\WINDOWS\SYSTEM32\dhcpcsvc.DLL
0x00007fffb9680000 - 0x00007fffb974c000 	C:\WINDOWS\SYSTEM32\DNSAPI.dll
0x00007fffb19d0000 - 0x00007fffb19db000 	C:\WINDOWS\SYSTEM32\WINNSI.DLL

dbghelp: loaded successfully - version: 4.0.5 - missing functions: none
symbol engine: initialized successfully - sym options: 0x614 - pdb path: .;D:\Android\Android Studio\jre\bin;C:\WINDOWS\SYSTEM32;C:\WINDOWS\WinSxS\amd64_microsoft.windows.common-controls_6595b64144ccf1df_6.0.19041.1110_none_60b5254171f9507e;D:\Android\Android Studio\jre\bin\server;D:\Android\.gradle\native\fdc75f09e3144964f2cf3f50f0aa648679c211496f362492102eb8c894070792\windows-amd64;D:\Android\.gradle\native\12488b8bf47d2d4c9fbf2f6322a914ad602e24e48041cd04a747c6da556b65c4\windows-amd64

VM Arguments:
jvm_args: --add-opens=java.base/java.util=ALL-UNNAMED --add-opens=java.base/java.lang=ALL-UNNAMED --add-opens=java.base/java.lang.invoke=ALL-UNNAMED --add-opens=java.prefs/java.util.prefs=ALL-UNNAMED -Xmx1536m -Dfile.encoding=windows-1252 -Duser.country=FR -Duser.language=fr -Duser.variant 
java_command: org.gradle.launcher.daemon.bootstrap.GradleDaemon 6.7.1
java_class_path (initial): D:\Android\.gradle\wrapper\dists\gradle-6.7.1-all\2moa8rlfac5eqlcfgk98k0deb\gradle-6.7.1\lib\gradle-launcher-6.7.1.jar
Launcher Type: SUN_STANDARD

[Global flags]
     intx CICompilerCount                          = 4                                         {product} {ergonomic}
     uint ConcGCThreads                            = 2                                         {product} {ergonomic}
     uint G1ConcRefinementThreads                  = 8                                         {product} {ergonomic}
   size_t G1HeapRegionSize                         = 1048576                                   {product} {ergonomic}
    uintx GCDrainStackTargetSize                   = 64                                        {product} {ergonomic}
   size_t InitialHeapSize                          = 132120576                                 {product} {ergonomic}
   size_t MarkStackSize                            = 4194304                                   {product} {ergonomic}
   size_t MaxHeapSize                              = 1610612736                                {product} {command line}
   size_t MaxNewSize                               = 965738496                                 {product} {ergonomic}
   size_t MinHeapDeltaBytes                        = 1048576                                   {product} {ergonomic}
    uintx NonNMethodCodeHeapSize                   = 5836300                                {pd product} {ergonomic}
    uintx NonProfiledCodeHeapSize                  = 122910970                              {pd product} {ergonomic}
    uintx ProfiledCodeHeapSize                     = 122910970                              {pd product} {ergonomic}
    uintx ReservedCodeCacheSize                    = 251658240                              {pd product} {ergonomic}
     bool SegmentedCodeCache                       = true                                      {product} {ergonomic}
     bool UseCompressedClassPointers               = true                                 {lp64_product} {ergonomic}
     bool UseCompressedOops                        = true                                 {lp64_product} {ergonomic}
     bool UseG1GC                                  = true                                      {product} {ergonomic}
     bool UseLargePagesIndividualAllocation        = false                                  {pd product} {ergonomic}

Logging:
Log output configuration:
 #0: stdout all=warning uptime,level,tags
 #1: stderr all=off uptime,level,tags

Environment Variables:
PATH=D:\IntelliJ\.jdks\openjdk-16.0.2-1\bin;C:\Windows\system32;C:\Windows;C:\Windows\System32\Wbem;C:\Windows\System32\WindowsPowerShell\v1.0\;C:\Windows\System32\OpenSSH\;C:\Program Files (x86)\NVIDIA Corporation\PhysX\Common;C:\Program Files\Intel\WiFi\bin\;C:\Program Files\Common Files\Intel\WirelessCommon\;C:\Program Files\NVIDIA Corporation\NVIDIA NvDLISR;C:\WINDOWS\system32;C:\WINDOWS;C:\WINDOWS\System32\Wbem;C:\WINDOWS\System32\WindowsPowerShell\v1.0\;C:\WINDOWS\System32\OpenSSH\;C:\Users\Syldran\AppData\Local\Microsoft\WindowsApps;C:\adb;C:\Program Files (x86)\Intel\Intel(R) Management Engine Components\DAL;C:\Program Files\Intel\Intel(R) Management Engine Components\DAL;D:\Android\Android\Sdk\platform-tools;C:\Users\Syldran\AppData\Local\Microsoft\WindowsApps;
USERNAME=Syldran
OS=Windows_NT
PROCESSOR_IDENTIFIER=Intel64 Family 6 Model 158 Stepping 10, GenuineIntel



---------------  S Y S T E M  ---------------

OS: Windows 10 , 64 bit Build 19041 (10.0.19041.1023)
OS uptime: 2 days 4:48 hours

CPU:total 8 (initial active 8) (4 cores per cpu, 2 threads per core) family 6 model 158 stepping 10, cmov, cx8, fxsr, mmx, sse, sse2, sse3, ssse3, sse4.1, sse4.2, popcnt, avx, avx2, aes, clmul, erms, 3dnowpref, lzcnt, ht, tsc, tscinvbit, bmi1, bmi2, adx, fma

Memory: 4k page, system-wide physical 8052M (195M free)
TotalPageFile size 20953M (AvailPageFile size 4M)
current process WorkingSet (physical memory assigned to process): 357M, peak: 358M
current process commit charge ("private bytes"): 398M, peak: 400M

vm_info: OpenJDK 64-Bit Server VM (11.0.8+10-b944.6842174) for windows-amd64 JRE (11.0.8+10-b944.6842174), built on Sep 19 2020 01:11:42 by "builder" with MS VC++ 14.0 (VS2015)

END.
