JvmtiExport can_access_local_variables 0
JvmtiExport can_hotswap_or_post_breakpoint 0
JvmtiExport can_post_on_exceptions 0
# 192 ciObject found
instanceKlass org/gradle/internal/logging/text/BufferingStyledTextOutput$ChangeStyleAction
instanceKlass org/gradle/internal/logging/text/BufferingStyledTextOutput$1
instanceKlass org/gradle/internal/buildevents/BuildExceptionReporter$FailureDetails
instanceKlass java/util/logging/LogRecord
instanceKlass org/codehaus/groovy/runtime/StackTraceUtils
instanceKlass org/gradle/internal/exceptions/Contextual
instanceKlass org/gradle/internal/snapshot/CompleteDirectorySnapshot$1$$Lambda$1980
instanceKlass org/gradle/internal/snapshot/CompleteDirectorySnapshot$1$$Lambda$1979
instanceKlass org/gradle/internal/snapshot/CompleteDirectorySnapshot$1$$Lambda$1978
instanceKlass org/gradle/internal/snapshot/CompleteDirectorySnapshot$1
instanceKlass com/android/tools/r8/ir/optimize/b0
instanceKlass com/android/tools/r8/ir/conversion/S$a
instanceKlass com/android/tools/r8/v/c/b$e$$Lambda$1977
instanceKlass com/android/tools/r8/v/c/b$e$$Lambda$1976
instanceKlass com/android/tools/r8/v/c/b$e$$Lambda$1975
instanceKlass com/android/tools/r8/v/c/b$e$$Lambda$1974
instanceKlass com/android/tools/r8/v/c/b$e$$Lambda$1973
instanceKlass com/android/tools/r8/v/c/b$e$$Lambda$1972
instanceKlass com/android/tools/r8/v/c/b$e$$Lambda$1971
instanceKlass com/android/tools/r8/v/c/b$e$$Lambda$1970
instanceKlass com/android/tools/r8/v/c/b$e$$Lambda$1969
instanceKlass com/android/tools/r8/v/c/b$e$$Lambda$1968
instanceKlass com/android/tools/r8/v/c/b$e$$Lambda$1967
instanceKlass com/android/tools/r8/v/c/b$e$$Lambda$1966
instanceKlass com/android/tools/r8/v/c/b$e$$Lambda$1965
instanceKlass com/android/tools/r8/v/c/b$e$$Lambda$1964
instanceKlass com/android/tools/r8/v/c/b$e$$Lambda$1963
instanceKlass com/android/tools/r8/v/c/b$e$$Lambda$1962
instanceKlass com/android/tools/r8/v/c/b$e$$Lambda$1961
instanceKlass com/android/tools/r8/v/c/b$e$$Lambda$1960
instanceKlass org/gradle/internal/execution/history/changes/NormalizedPathFingerprintCompareStrategy$$Lambda$1959
instanceKlass org/gradle/internal/execution/history/changes/NormalizedPathFingerprintCompareStrategy$$Lambda$1958
instanceKlass org/gradle/internal/execution/history/changes/NormalizedPathFingerprintCompareStrategy$$Lambda$1957
instanceKlass com/google/common/collect/MultimapBuilder$ArrayListSupplier
instanceKlass org/gradle/internal/execution/history/changes/FilePathWithType
instanceKlass org/gradle/internal/execution/history/changes/CollectingChangeVisitor
instanceKlass org/gradle/internal/execution/history/changes/IncrementalInputChanges
instanceKlass com/android/build/gradle/tasks/PackageAndroidArtifact$CreationAction$$Lambda$1956
instanceKlass com/android/build/gradle/tasks/PackageAndroidArtifact$CreationAction$$Lambda$1955
instanceKlass com/android/build/gradle/tasks/PackageAndroidArtifact$CreationAction$$Lambda$1954
instanceKlass com/android/build/gradle/tasks/PackageAndroidArtifact$CreationAction$$Lambda$1953
instanceKlass com/android/build/gradle/tasks/PackageAndroidArtifact$CreationAction$$Lambda$1952
instanceKlass com/android/build/gradle/internal/variant/ApplicationVariantFactory$restrictEnabledOutputs$1
instanceKlass com/android/ide/common/build/GenericBuiltArtifactsSplitOutputMatcher$computeBestArtifact$match$1
instanceKlass com/android/ide/common/build/GenericBuiltArtifactsSplitOutputMatcher
instanceKlass com/android/ide/common/build/GenericBuiltArtifact
instanceKlass org/gradle/api/internal/artifacts/transform/DefaultTransformationNodeRegistry$1
instanceKlass org/gradle/internal/execution/impl/OutputFilterUtil$1
instanceKlass org/gradle/internal/execution/impl/OutputFilterUtil$$Lambda$1951
instanceKlass org/gradle/internal/execution/impl/OutputFilterUtil$GetAllSnapshotsVisitor
instanceKlass org/gradle/internal/execution/impl/OutputFilterUtil$$Lambda$1950
instanceKlass org/gradle/internal/execution/impl/OutputFilterUtil$SnapshotFilteringVisitor
instanceKlass org/gradle/internal/execution/impl/OutputFilterUtil
instanceKlass org/gradle/internal/fingerprint/overlap/OverlappingOutputs
instanceKlass com/android/build/gradle/tasks/PackageAndroidArtifact$IncrementalSplitterRunnable$$Lambda$1949
instanceKlass com/android/build/gradle/tasks/PackageAndroidArtifact$$Lambda$1948
instanceKlass java/util/stream/DistinctOps
instanceKlass com/android/build/gradle/tasks/PackageAndroidArtifact$$Lambda$1947
instanceKlass com/android/build/gradle/tasks/PackageAndroidArtifact$$Lambda$1946
instanceKlass com/android/signflinger/ApkSigningBlock
instanceKlass com/android/signflinger/SigningBlockUtils
instanceKlass com/android/apksig/DefaultApkSignerEngine$OutputApkSigningBlockRequestImpl
instanceKlass com/android/apksig/internal/apk/v2/V2SchemeSigner$V2SignatureSchemeBlock$Signer
instanceKlass com/android/apksig/internal/apk/v2/V2SchemeSigner$V2SignatureSchemeBlock$SignedData
instanceKlass com/android/apksig/internal/util/ByteBufferUtils
instanceKlass com/android/apksig/internal/x509/RSAPublicKey
instanceKlass com/android/apksig/internal/asn1/Asn1BerParser$BerToJavaConverter
instanceKlass com/android/apksig/internal/asn1/Asn1BerParser$$Lambda$1945
instanceKlass com/android/apksig/internal/asn1/Asn1BerParser$AnnotatedField
instanceKlass com/android/apksig/internal/asn1/Asn1BerParser$1
instanceKlass com/android/apksig/internal/asn1/ber/BerDataValue
instanceKlass com/android/apksig/internal/asn1/ber/ByteBufferBerDataValueReader
instanceKlass com/android/apksig/internal/asn1/ber/BerDataValueReader
instanceKlass com/android/apksig/internal/asn1/Asn1BerParser
instanceKlass com/android/apksig/internal/x509/SubjectPublicKeyInfo
instanceKlass com/android/apksig/internal/apk/ApkSigningBlockUtils$SigningSchemeBlockAndDigests
instanceKlass com/android/apksig/internal/apk/ApkSigningBlockUtils$ChunkSupplier$Chunk
instanceKlass com/android/apksig/internal/apk/ApkSigningBlockUtils$ChunkDigester
instanceKlass com/android/apksig/internal/apk/ApkSigningBlockUtils$$Lambda$1944
instanceKlass com/android/apksig/internal/apk/ApkSigningBlockUtils$ChunkSupplier
instanceKlass com/android/apksig/internal/apk/ApkSigningBlockUtils$ChunkDigests
instanceKlass com/android/apksig/internal/apk/v2/V2SchemeSigner
instanceKlass com/android/apksig/internal/apk/ApkSigningBlockUtils$SignerConfig
instanceKlass com/android/apksig/internal/util/ByteBufferDataSource
instanceKlass com/android/apksig/internal/zip/ZipUtils
instanceKlass com/android/apksig/internal/util/FileChannelDataSource
instanceKlass com/android/apksig/util/DataSources
instanceKlass com/android/apksig/DefaultApkSignerEngine$OutputJarSignatureRequestImpl
instanceKlass com/android/apksig/ApkSignerEngine$OutputJarSignatureRequest$JarEntry
instanceKlass com/android/apksig/internal/asn1/Asn1DerEncoder$JavaToDerConverter
instanceKlass com/android/apksig/internal/asn1/Asn1DerEncoder$$Lambda$1943
instanceKlass com/android/apksig/internal/asn1/ber/BerEncoding$1
instanceKlass com/android/apksig/internal/asn1/ber/BerEncoding
instanceKlass com/android/apksig/internal/asn1/Asn1DerEncoder$AnnotatedField
instanceKlass com/android/apksig/internal/asn1/Asn1Field
instanceKlass com/android/apksig/internal/asn1/Asn1DerEncoder$1
instanceKlass com/android/apksig/internal/asn1/Asn1Class
instanceKlass com/android/apksig/internal/pkcs7/ContentInfo
instanceKlass com/android/apksig/internal/pkcs7/EncapsulatedContentInfo
instanceKlass com/android/apksig/internal/pkcs7/SignedData
instanceKlass com/android/apksig/internal/pkcs7/IssuerAndSerialNumber
instanceKlass com/android/apksig/internal/pkcs7/SignerIdentifier
instanceKlass com/android/apksig/internal/pkcs7/SignerInfo
instanceKlass com/android/apksig/internal/apk/ApkSigningBlockUtils
instanceKlass sun/security/rsa/RSACore$BlindingRandomPair
instanceKlass sun/security/rsa/RSACore$BlindingParameters
instanceKlass com/android/apksig/internal/asn1/Asn1OpaqueObject
instanceKlass com/android/apksig/internal/asn1/Asn1DerEncoder
instanceKlass com/android/apksig/internal/pkcs7/AlgorithmIdentifier$1
instanceKlass com/android/apksig/internal/pkcs7/AlgorithmIdentifier
instanceKlass com/android/apksig/internal/jar/SignatureFileWriter
instanceKlass com/android/apksig/internal/apk/v1/V1SchemeSigner$OutputManifestFile
instanceKlass com/android/apksig/internal/apk/v1/V1SchemeSigner$1
instanceKlass com/android/apksig/internal/jar/ManifestWriter
instanceKlass com/google/common/collect/HashBiMap$Itr
instanceKlass com/android/builder/internal/packaging/IncrementalPackager$$Lambda$1942
instanceKlass com/android/builder/internal/packaging/IncrementalPackager$$Lambda$1941
instanceKlass com/android/apksig/internal/util/MessageDigestSink
instanceKlass com/android/apksig/DefaultApkSignerEngine$GetJarEntryDataDigestRequest
instanceKlass com/android/builder/internal/packaging/IncrementalPackager$$Lambda$1940
instanceKlass com/android/zipflinger/Compressor
instanceKlass com/android/builder/internal/packaging/IncrementalPackager$$Lambda$1939
instanceKlass com/android/builder/internal/packaging/IncrementalPackager$$Lambda$1938
instanceKlass com/android/builder/internal/packaging/ApkFlinger$writeFile$1
instanceKlass com/android/zipflinger/SynchronizedArchive
instanceKlass com/android/apksig/internal/util/OutputStreamDataSink
instanceKlass com/android/apksig/util/ReadableDataSink
instanceKlass com/android/apksig/util/DataSink
instanceKlass com/android/apksig/util/DataSinks
instanceKlass com/android/zipflinger/ExtractionInfo
instanceKlass com/android/apksig/DefaultApkSignerEngine$GetJarEntryDataRequest
instanceKlass com/android/apksig/internal/util/Pair
instanceKlass com/android/apksig/internal/jar/ManifestParser$Section
instanceKlass com/android/apksig/internal/jar/ManifestParser$Attribute
instanceKlass com/android/apksig/internal/jar/ManifestParser
instanceKlass com/android/apksig/internal/apk/v1/V1SchemeVerifier
instanceKlass com/android/apksig/internal/apk/v1/V1SchemeVerifier$Result
instanceKlass com/android/apksig/internal/apk/v1/V1SchemeSigner$SignerConfig
instanceKlass com/android/apksig/internal/apk/v1/DigestAlgorithm$StrengthComparator
instanceKlass com/android/apksig/internal/apk/v1/V1SchemeSigner
instanceKlass com/android/apksig/util/RunnablesExecutor$1
instanceKlass com/android/apksig/util/RunnablesExecutor$$Lambda$1937
instanceKlass com/android/apksig/ApkSignerEngine$OutputApkSigningBlockRequest
instanceKlass com/android/apksig/ApkSignerEngine$OutputApkSigningBlockRequest2
instanceKlass com/android/apksig/ApkSignerEngine$InspectJarEntryRequest
instanceKlass com/android/apksig/ApkSignerEngine$OutputJarSignatureRequest
instanceKlass com/android/apksig/DefaultApkSignerEngine
instanceKlass com/android/apksig/DefaultApkSignerEngine$Builder
instanceKlass com/android/apksig/DefaultApkSignerEngine$SignerConfig
instanceKlass com/android/apksig/DefaultApkSignerEngine$SignerConfig$Builder
instanceKlass com/android/apksig/util/DataSource
instanceKlass com/android/apksig/ApkSignerEngine
instanceKlass com/android/signflinger/SignedApk
instanceKlass com/android/signflinger/SignedApkOptions
instanceKlass com/android/signflinger/SignedApkOptions$Builder
instanceKlass com/android/builder/internal/packaging/ApkFlinger$1
instanceKlass com/android/builder/internal/packaging/ApkFlinger$WhenMappings
instanceKlass com/android/builder/internal/packaging/ApkFlinger
instanceKlass com/android/builder/internal/packaging/IncrementalPackager$1
instanceKlass com/android/builder/internal/packaging/IncrementalPackager$$Lambda$1936
instanceKlass com/android/builder/internal/packaging/IncrementalPackager$$Lambda$1935
instanceKlass com/android/builder/internal/packaging/IncrementalPackager$$Lambda$1934
instanceKlass com/android/builder/internal/packaging/IncrementalPackager$$Lambda$1933
instanceKlass com/android/builder/internal/packaging/IncrementalPackager$$Lambda$1932
instanceKlass com/android/builder/internal/packaging/IncrementalPackager$$Lambda$1931
instanceKlass com/android/builder/internal/packaging/IncrementalPackager$$Lambda$1930
instanceKlass com/android/builder/internal/packaging/IncrementalPackager$$Lambda$1929
instanceKlass com/android/builder/internal/packaging/IncrementalPackager$$Lambda$1928
instanceKlass com/android/builder/internal/packaging/IncrementalPackager$$Lambda$1927
instanceKlass com/android/builder/internal/packaging/PackagedFileUpdates
instanceKlass com/google/common/base/Predicates$CompositionPredicate
instanceKlass com/google/common/base/Predicates
instanceKlass com/android/builder/internal/packaging/IncrementalPackager$$Lambda$1926
instanceKlass com/android/builder/internal/packaging/DexIncrementalRenameManager$1
instanceKlass com/android/builder/internal/packaging/DexIncrementalRenameManager$$Lambda$1925
instanceKlass com/android/builder/internal/packaging/DexIncrementalRenameManager$$Lambda$1924
instanceKlass com/android/builder/internal/packaging/PackagedFileUpdate
instanceKlass com/android/builder/internal/packaging/DexIncrementalRenameManager$$Lambda$1923
instanceKlass com/android/builder/internal/packaging/DexIncrementalRenameManager$Bucket
instanceKlass com/android/builder/internal/packaging/DexIncrementalRenameManager$$Lambda$1922
instanceKlass com/android/builder/internal/packaging/DexFileNameSupplier
instanceKlass com/android/builder/internal/packaging/DexIncrementalRenameManager$$Lambda$1921
instanceKlass com/android/builder/internal/packaging/DexIncrementalRenameManager$DexFileComparator
instanceKlass com/android/builder/internal/packaging/DexIncrementalRenameManager$$Lambda$1920
instanceKlass com/android/builder/internal/packaging/DexIncrementalRenameManager$$Lambda$1919
instanceKlass com/android/builder/files/NativeLibraryAbiPredicate
instanceKlass com/android/builder/internal/packaging/DexIncrementalRenameManager
instanceKlass com/android/tools/build/apkzlib/zfile/ApkZFileCreatorFactory
instanceKlass com/android/tools/build/apkzlib/zfile/ApkCreatorFactory
instanceKlass com/android/build/gradle/internal/packaging/ApkCreatorFactories
instanceKlass com/android/tools/build/apkzlib/zfile/ApkCreator
instanceKlass com/android/builder/internal/packaging/IncrementalPackager
instanceKlass com/android/build/gradle/internal/packaging/IncrementalPackagerBuilder$$Lambda$1918
instanceKlass com/android/build/gradle/internal/packaging/IncrementalPackagerBuilder$$Lambda$1917
instanceKlass com/android/apksig/util/RunnablesExecutor
instanceKlass com/android/apksig/util/RunnablesProvider
instanceKlass com/android/build/gradle/internal/packaging/IncrementalPackagerBuilder$1
instanceKlass com/android/tools/build/apkzlib/sign/SigningOptions$Builder
instanceKlass com/android/tools/build/apkzlib/sign/SigningOptions
instanceKlass com/android/ide/common/signing/CertificateInfo
instanceKlass java/security/PKCS12Attribute
instanceKlass java/security/KeyStore$Entry$Attribute
instanceKlass java/security/KeyStore$PrivateKeyEntry
instanceKlass java/security/KeyStore$Entry
instanceKlass sun/security/pkcs12/PKCS12KeyStore$$Lambda$1916
instanceKlass java/lang/invoke/LambdaForm$DMH
instanceKlass java/lang/invoke/LambdaForm$MH
instanceKlass java/lang/invoke/LambdaForm$DMH
instanceKlass java/lang/invoke/LambdaForm$DMH
instanceKlass sun/security/pkcs12/PKCS12KeyStore$$Lambda$1915
instanceKlass java/lang/invoke/LambdaForm$DMH
instanceKlass sun/security/pkcs12/PKCS12KeyStore$$Lambda$1914
instanceKlass sun/security/pkcs12/PKCS12KeyStore$RetryWithZero
instanceKlass com/android/tools/build/apkzlib/zfile/ApkCreatorFactory$CreationData$$Lambda$1913
instanceKlass com/android/tools/build/apkzlib/zfile/ApkCreatorFactory$CreationData$Builder
instanceKlass com/android/tools/build/apkzlib/zfile/ApkCreatorFactory$CreationData
instanceKlass com/android/build/gradle/internal/packaging/IncrementalPackagerBuilder
instanceKlass com/android/build/gradle/internal/manifest/ManifestData$AndroidTarget
instanceKlass com/android/build/gradle/tasks/PackageAndroidArtifact$$Lambda$1912
instanceKlass com/android/builder/files/IncrementalRelativeFileSets$$Lambda$1911
instanceKlass com/android/builder/files/IncrementalRelativeFileSets$$Lambda$1910
instanceKlass com/android/builder/files/IncrementalRelativeFileSets
instanceKlass com/android/builder/files/IncrementalChanges
instanceKlass com/android/build/gradle/tasks/PackageAndroidArtifact$IncrementalSplitterRunnable$$Lambda$1909
instanceKlass com/android/build/gradle/internal/signing/SigningConfigProviderParams$Companion
instanceKlass com/android/build/gradle/tasks/IncrementalChangesUtils$WhenMappings
instanceKlass com/android/builder/files/SerializableChange$Companion
instanceKlass com/android/builder/files/SerializableChange
instanceKlass com/android/builder/files/SerializableInputChanges$Companion
instanceKlass com/android/build/gradle/tasks/IncrementalChangesUtils
instanceKlass com/android/build/api/variant/impl/VariantOutputListKt
instanceKlass com/android/builder/files/SerializableInputChanges
instanceKlass com/android/build/gradle/tasks/PackageAndroidArtifact$$Lambda$1908
instanceKlass com/android/build/gradle/tasks/PackageAndroidArtifact$IncrementalSplitterRunnable
instanceKlass com/android/build/gradle/tasks/PackageAndroidArtifact$$Lambda$1907
instanceKlass com/android/build/gradle/tasks/PackageAndroidArtifact$$Lambda$1906
instanceKlass com/android/build/gradle/tasks/PackageAndroidArtifact$$Lambda$1905
instanceKlass org/gradle/internal/snapshot/AbstractCompleteFileSystemLocationSnapshot$PathCompressingSnapshotWrapper$$Lambda$1904
instanceKlass com/android/build/gradle/tasks/PackageAndroidArtifact$$Lambda$1903
instanceKlass com/android/build/gradle/tasks/PackageAndroidArtifact$$Lambda$1902
instanceKlass org/apache/commons/io/Charsets
instanceKlass org/apache/commons/io/IOUtils
instanceKlass org/apache/commons/io/filefilter/IOFileFilter
instanceKlass org/apache/commons/io/FileUtils
instanceKlass com/android/build/gradle/internal/signing/SigningConfigVersions$Companion
instanceKlass com/android/build/gradle/internal/signing/SigningConfigVersions
instanceKlass com/android/build/gradle/internal/tasks/SigningConfigUtils$Companion
instanceKlass com/android/build/gradle/internal/tasks/SigningConfigUtils
instanceKlass com/android/build/gradle/internal/tasks/AppMetadataTaskKt
instanceKlass sun/security/pkcs12/MacData
instanceKlass sun/security/pkcs/EncryptedPrivateKeyInfo
instanceKlass javax/crypto/interfaces/PBEKey
instanceKlass com/sun/crypto/provider/DESConstants
instanceKlass com/sun/crypto/provider/PKCS12PBECipherCore
instanceKlass com/sun/crypto/provider/PBEKey$$Lambda$1901
instanceKlass com/sun/crypto/provider/PBEKey
instanceKlass javax/crypto/SecretKeyFactorySpi
instanceKlass javax/crypto/SecretKeyFactory
instanceKlass javax/crypto/spec/PBEKeySpec
instanceKlass javax/crypto/spec/PBEParameterSpec
instanceKlass sun/security/pkcs12/PKCS12KeyStore$1
instanceKlass sun/security/pkcs12/PKCS12KeyStore$Entry
instanceKlass java/security/KeyStore$PasswordProtection
instanceKlass org/bouncycastle/jcajce/provider/asymmetric/util/PKCS12BagAttributeCarrierImpl
instanceKlass org/bouncycastle/jcajce/provider/asymmetric/x509/PEMUtil
instanceKlass java/security/cert/CRL
instanceKlass org/bouncycastle/jce/interfaces/PKCS12BagAttributeCarrier
instanceKlass org/bouncycastle/cert/jcajce/CertHelper
instanceKlass org/bouncycastle/cert/jcajce/JcaX509CertificateConverter
instanceKlass org/bouncycastle/util/BigIntegers
instanceKlass org/bouncycastle/util/Pack
instanceKlass org/bouncycastle/asn1/ASN1OutputStream
instanceKlass org/bouncycastle/cert/X509CertificateHolder
instanceKlass org/bouncycastle/cert/CertUtils
instanceKlass org/bouncycastle/operator/jcajce/JcaContentSignerBuilder$1
instanceKlass org/bouncycastle/crypto/params/ParametersWithRandom
instanceKlass org/bouncycastle/jcajce/provider/asymmetric/rsa/RSAUtil
instanceKlass org/bouncycastle/crypto/encodings/PKCS1Encoding$2
instanceKlass org/bouncycastle/crypto/encodings/PKCS1Encoding$1
instanceKlass org/bouncycastle/crypto/engines/RSACoreEngine
instanceKlass org/bouncycastle/crypto/engines/RSABlindedEngine
instanceKlass org/bouncycastle/crypto/encodings/PKCS1Encoding
instanceKlass org/bouncycastle/crypto/digests/GeneralDigest
instanceKlass org/bouncycastle/util/Memoable
instanceKlass org/bouncycastle/crypto/ExtendedDigest
instanceKlass org/bouncycastle/crypto/digests/EncodableDigest
instanceKlass org/bouncycastle/crypto/util/DigestFactory
instanceKlass org/bouncycastle/crypto/AsymmetricBlockCipher
instanceKlass org/bouncycastle/jcajce/util/ProviderJcaJceHelper
instanceKlass org/bouncycastle/crypto/Digest
instanceKlass org/bouncycastle/jcajce/provider/drbg/DRBG
instanceKlass org/bouncycastle/asn1/ua/UAObjectIdentifiers
instanceKlass org/bouncycastle/util/Properties$1
instanceKlass org/bouncycastle/util/Properties
instanceKlass org/bouncycastle/asn1/sec/SECObjectIdentifiers
instanceKlass org/bouncycastle/crypto/params/AsymmetricKeyParameter
instanceKlass org/bouncycastle/crypto/CipherParameters
instanceKlass org/bouncycastle/jcajce/provider/asymmetric/dsa/DSAUtil
instanceKlass org/bouncycastle/jcajce/provider/util/AsymmetricKeyInfoConverter
instanceKlass org/bouncycastle/jcajce/provider/symmetric/OpenSSLPBKDF
instanceKlass org/bouncycastle/jcajce/provider/symmetric/XSalsa20
instanceKlass org/bouncycastle/jcajce/provider/symmetric/XTEA
instanceKlass org/bouncycastle/jcajce/provider/symmetric/VMPCKSA3
instanceKlass org/bouncycastle/jcajce/provider/symmetric/VMPC
instanceKlass org/bouncycastle/jcajce/provider/symmetric/Threefish
instanceKlass org/bouncycastle/jcajce/provider/symmetric/Twofish
instanceKlass org/bouncycastle/jcajce/provider/symmetric/TEA
instanceKlass org/bouncycastle/jcajce/provider/symmetric/SM4
instanceKlass org/bouncycastle/jcajce/provider/symmetric/Skipjack
instanceKlass org/bouncycastle/jcajce/provider/symmetric/Shacal2
instanceKlass org/bouncycastle/asn1/gnu/GNUObjectIdentifiers
instanceKlass org/bouncycastle/jcajce/provider/symmetric/Serpent
instanceKlass org/bouncycastle/jcajce/provider/symmetric/SEED
instanceKlass org/bouncycastle/jcajce/provider/symmetric/Salsa20
instanceKlass org/bouncycastle/jcajce/provider/symmetric/Rijndael
instanceKlass org/bouncycastle/jcajce/provider/symmetric/RC6
instanceKlass org/bouncycastle/jcajce/provider/symmetric/RC5
instanceKlass org/bouncycastle/jcajce/provider/symmetric/RC2
instanceKlass org/bouncycastle/jcajce/provider/symmetric/Noekeon
instanceKlass org/bouncycastle/jcajce/provider/symmetric/IDEA
instanceKlass org/bouncycastle/jcajce/provider/symmetric/HC256
instanceKlass org/bouncycastle/jcajce/provider/symmetric/HC128
instanceKlass org/bouncycastle/jcajce/provider/symmetric/Grain128
instanceKlass org/bouncycastle/jcajce/provider/symmetric/Grainv1
instanceKlass org/bouncycastle/jcajce/provider/symmetric/GOST28147
instanceKlass org/bouncycastle/jcajce/provider/symmetric/DESede
instanceKlass org/bouncycastle/jcajce/provider/symmetric/DES
instanceKlass org/bouncycastle/jcajce/provider/symmetric/ChaCha
instanceKlass org/bouncycastle/jcajce/provider/symmetric/CAST6
instanceKlass org/bouncycastle/jcajce/provider/symmetric/CAST5
instanceKlass org/bouncycastle/jcajce/provider/symmetric/Camellia
instanceKlass org/bouncycastle/jcajce/provider/symmetric/Blowfish
instanceKlass org/bouncycastle/jcajce/provider/symmetric/ARC4
instanceKlass org/bouncycastle/jcajce/provider/symmetric/AES
instanceKlass org/bouncycastle/jcajce/provider/symmetric/Poly1305
instanceKlass org/bouncycastle/jcajce/provider/symmetric/SipHash
instanceKlass org/bouncycastle/jcajce/provider/symmetric/TLSKDF
instanceKlass org/bouncycastle/jcajce/provider/symmetric/PBEPKCS12
instanceKlass org/bouncycastle/jcajce/provider/symmetric/PBEPBKDF2
instanceKlass org/bouncycastle/asn1/misc/MiscObjectIdentifiers
instanceKlass org/bouncycastle/jcajce/provider/digest/Blake2b
instanceKlass org/bouncycastle/jcajce/provider/digest/Whirlpool
instanceKlass org/bouncycastle/jcajce/provider/digest/Tiger
instanceKlass org/bouncycastle/jcajce/provider/digest/SM3
instanceKlass org/bouncycastle/jcajce/provider/digest/Skein
instanceKlass org/bouncycastle/jcajce/provider/digest/SHA3
instanceKlass org/bouncycastle/jcajce/provider/digest/SHA512
instanceKlass org/bouncycastle/jcajce/provider/digest/SHA384
instanceKlass org/bouncycastle/jcajce/provider/digest/SHA256
instanceKlass org/bouncycastle/jcajce/provider/digest/SHA224
instanceKlass org/bouncycastle/jcajce/provider/digest/RIPEMD320
instanceKlass org/bouncycastle/jcajce/provider/digest/RIPEMD256
instanceKlass org/bouncycastle/jcajce/provider/digest/RIPEMD160
instanceKlass org/bouncycastle/jcajce/provider/digest/RIPEMD128
instanceKlass org/bouncycastle/jcajce/provider/digest/SHA1
instanceKlass org/bouncycastle/asn1/iana/IANAObjectIdentifiers
instanceKlass org/bouncycastle/jcajce/provider/digest/MD5
instanceKlass org/bouncycastle/jcajce/provider/digest/MD4
instanceKlass org/bouncycastle/jcajce/provider/digest/MD2
instanceKlass org/bouncycastle/jcajce/provider/digest/Keccak
instanceKlass org/bouncycastle/asn1/rosstandart/RosstandartObjectIdentifiers
instanceKlass org/bouncycastle/jcajce/provider/digest/GOST3411
instanceKlass org/bouncycastle/jcajce/provider/util/AlgorithmProvider
instanceKlass org/bouncycastle/jce/provider/BouncyCastleProvider$1
instanceKlass org/bouncycastle/jce/provider/BouncyCastleProviderConfiguration
instanceKlass org/bouncycastle/jcajce/provider/config/ProviderConfiguration
instanceKlass org/bouncycastle/asn1/bc/BCObjectIdentifiers
instanceKlass org/bouncycastle/operator/DefaultSignatureAlgorithmIdentifierFinder
instanceKlass org/bouncycastle/operator/SignatureAlgorithmIdentifierFinder
instanceKlass org/bouncycastle/jcajce/util/DefaultJcaJceHelper
instanceKlass org/bouncycastle/util/Integers
instanceKlass org/bouncycastle/asn1/kisa/KISAObjectIdentifiers
instanceKlass org/bouncycastle/asn1/ntt/NTTObjectIdentifiers
instanceKlass org/bouncycastle/asn1/teletrust/TeleTrusTObjectIdentifiers
instanceKlass org/bouncycastle/asn1/nist/NISTObjectIdentifiers
instanceKlass org/bouncycastle/asn1/oiw/OIWObjectIdentifiers
instanceKlass org/bouncycastle/asn1/x9/X9ObjectIdentifiers
instanceKlass org/bouncycastle/asn1/eac/EACObjectIdentifiers
instanceKlass org/bouncycastle/asn1/bsi/BSIObjectIdentifiers
instanceKlass org/bouncycastle/asn1/cryptopro/CryptoProObjectIdentifiers
instanceKlass org/bouncycastle/operator/jcajce/OperatorHelper
instanceKlass org/bouncycastle/operator/ContentSigner
instanceKlass org/bouncycastle/jcajce/util/JcaJceHelper
instanceKlass org/bouncycastle/operator/jcajce/JcaContentSignerBuilder
instanceKlass org/bouncycastle/asn1/ASN1TaggedObjectParser
instanceKlass org/bouncycastle/asn1/x509/V1TBSCertificateGenerator
instanceKlass org/bouncycastle/cert/X509v1CertificateBuilder
instanceKlass org/bouncycastle/asn1/DERFactory
instanceKlass org/bouncycastle/util/io/Streams
instanceKlass org/bouncycastle/asn1/StreamUtil
instanceKlass org/bouncycastle/asn1/ASN1OctetStringParser
instanceKlass org/bouncycastle/asn1/BERTags
instanceKlass org/bouncycastle/asn1/ASN1SequenceParser
instanceKlass org/bouncycastle/asn1/ASN1SetParser
instanceKlass org/bouncycastle/asn1/InMemoryRepresentable
instanceKlass org/bouncycastle/asn1/ASN1EncodableVector
instanceKlass org/bouncycastle/asn1/ASN1String
instanceKlass org/bouncycastle/util/Strings$1
instanceKlass org/bouncycastle/util/StringList
instanceKlass org/bouncycastle/util/Strings
instanceKlass org/bouncycastle/asn1/x500/X500NameBuilder
instanceKlass org/bouncycastle/asn1/x500/style/X500NameTokenizer
instanceKlass org/bouncycastle/asn1/x500/style/IETFUtils
instanceKlass org/bouncycastle/asn1/pkcs/PKCSObjectIdentifiers
instanceKlass org/bouncycastle/asn1/x509/X509ObjectIdentifiers
instanceKlass org/bouncycastle/util/Arrays
instanceKlass org/bouncycastle/asn1/OIDTokenizer
instanceKlass org/bouncycastle/asn1/ASN1ObjectIdentifier$OidHandle
instanceKlass org/bouncycastle/asn1/x500/style/AbstractX500NameStyle
instanceKlass org/bouncycastle/asn1/x500/X500NameStyle
instanceKlass org/bouncycastle/util/Iterable
instanceKlass org/bouncycastle/asn1/ASN1Object
instanceKlass org/bouncycastle/util/Encodable
instanceKlass org/bouncycastle/asn1/ASN1Encodable
instanceKlass org/bouncycastle/asn1/ASN1Choice
instanceKlass com/android/builder/merge/RenameIncrementalFileMergerInput$$Lambda$1900
instanceKlass java/math/BitSieve
instanceKlass sun/security/jca/JCAUtil$CachedSecureRandomHolder
instanceKlass sun/security/jca/JCAUtil
instanceKlass java/security/spec/RSAKeyGenParameterSpec
instanceKlass com/android/builder/utils/SynchronizedFile$$Lambda$1899
instanceKlass com/android/builder/utils/SynchronizedFile$$Lambda$1898
instanceKlass com/android/builder/utils/ExceptionFunction
instanceKlass com/android/build/gradle/internal/tasks/ValidateSigningTask$createDefaultDebugKeystoreIfNeeded$1
instanceKlass com/android/builder/utils/ExceptionConsumer
instanceKlass com/android/utils/concurrency/ReadWriteProcessLock$$Lambda$1897
instanceKlass com/android/utils/concurrency/ReadWriteProcessLock$$Lambda$1896
instanceKlass com/android/utils/concurrency/ReadWriteProcessLock$$Lambda$1895
instanceKlass com/android/utils/concurrency/ReadWriteProcessLock$$Lambda$1894
instanceKlass com/android/utils/JvmWideVariable$$Lambda$1893
instanceKlass com/android/utils/JvmWideVariable$$Lambda$1892
instanceKlass com/android/utils/JvmWideVariable$$Lambda$1891
instanceKlass com/android/utils/JvmWideVariable$$Lambda$1890
instanceKlass com/google/common/reflect/Types$ClassOwnership$1LocalClass
instanceKlass com/google/common/reflect/Types$ParameterizedTypeImpl
instanceKlass com/google/common/reflect/Reflection
instanceKlass com/google/common/reflect/Types$TypeVariableInvocationHandler
instanceKlass com/google/common/reflect/Types$TypeVariableImpl
instanceKlass com/google/common/reflect/Types$1
instanceKlass com/google/common/reflect/Types
instanceKlass com/google/common/reflect/Types$NativeTypeVariableEquals
instanceKlass com/google/common/reflect/TypeResolver$TypeVariableKey
instanceKlass com/google/common/reflect/TypeResolver$TypeTable
instanceKlass com/google/common/reflect/TypeResolver
instanceKlass com/android/utils/JvmWideVariable$ValueWrapper
instanceKlass com/android/utils/JvmWideVariable$ValueWrapperMBean
instanceKlass com/android/utils/JvmWideVariable$$Lambda$1889
instanceKlass com/android/utils/JvmWideVariable
instanceKlass com/android/utils/concurrency/ReadWriteProcessLock$$Lambda$1888
instanceKlass com/android/utils/concurrency/ReadWriteProcessLock$WriteLock
instanceKlass com/android/utils/concurrency/ReadWriteProcessLock$ReadLock
instanceKlass com/google/common/reflect/TypeCapture
instanceKlass com/android/utils/concurrency/ReadWriteProcessLock$Lock
instanceKlass com/android/utils/concurrency/ReadWriteProcessLock
instanceKlass com/android/builder/merge/MergeOutputWriters$1
instanceKlass com/android/builder/utils/SynchronizedFile
instanceKlass com/android/build/gradle/internal/tasks/MergeJavaResourcesDelegate$run$2$renamedInput$2
instanceKlass com/android/build/gradle/internal/tasks/MergeJavaResourcesDelegate$run$2$renamedInput$1
instanceKlass org/gradle/internal/execution/steps/ResolveChangesStep$$Lambda$1887
instanceKlass com/android/build/gradle/internal/tasks/MergeJavaResourcesDelegate$1
instanceKlass com/android/build/gradle/internal/tasks/MergeNativeLibsTask$doProcessing$1
instanceKlass com/android/builder/dexing/NonIncrementalJarDexArchive
instanceKlass com/android/builder/dexing/DexEntryBucket$getDexEntriesWithContents$$inlined$use$lambda$1
instanceKlass com/android/tools/r8/graph/B$$Lambda$1886
instanceKlass com/android/tools/r8/graph/B$$Lambda$1885
instanceKlass com/android/tools/r8/E/f$$Lambda$1884
instanceKlass com/android/tools/r8/E/f$$Lambda$1883
instanceKlass com/android/tools/r8/E/f$$Lambda$1882
instanceKlass com/android/tools/r8/v/c/M$$Lambda$1881
instanceKlass com/android/tools/r8/v/c/M$$Lambda$1880
instanceKlass com/android/tools/r8/v/c/M$$Lambda$1879
instanceKlass com/android/tools/r8/v/c/N$$Lambda$1878
instanceKlass com/android/tools/r8/v/d/r$$Lambda$1877
instanceKlass java/lang/invoke/LambdaForm$DMH
instanceKlass com/android/tools/r8/ir/conversion/M
instanceKlass com/android/tools/r8/v/c/J$$Lambda$1876
instanceKlass com/android/tools/r8/v/c/J$$Lambda$1875
instanceKlass com/android/tools/r8/v/c/J$$Lambda$1874
instanceKlass com/android/tools/r8/v/d/r$$Lambda$1873
instanceKlass com/android/tools/r8/v/d/r$$Lambda$1872
instanceKlass com/android/tools/r8/v/d/r
instanceKlass com/android/tools/r8/v/c/K$$Lambda$1871
instanceKlass com/android/tools/r8/v/d/a$a
instanceKlass com/android/tools/r8/ir/conversion/c0$$Lambda$1870
instanceKlass java/lang/invoke/LambdaForm$DMH
instanceKlass com/android/tools/r8/ir/conversion/Z
instanceKlass com/android/tools/r8/ir/conversion/T$$Lambda$1869
instanceKlass com/android/tools/r8/utils/e1
instanceKlass com/android/tools/r8/ir/conversion/T$$Lambda$1868
instanceKlass com/android/tools/r8/graph/s1$$Lambda$1867
instanceKlass com/android/tools/r8/v/c/B$$Lambda$1866
instanceKlass com/android/tools/r8/v/c/G$$Lambda$1865
instanceKlass com/android/tools/r8/v/c/G$$Lambda$1864
instanceKlass com/android/tools/r8/FeatureSplit
instanceKlass com/android/tools/r8/graph/e
instanceKlass com/android/tools/r8/v/d/p$$Lambda$1863
instanceKlass com/android/tools/r8/v/c/G$$Lambda$1862
instanceKlass com/android/tools/r8/graph/l1
instanceKlass com/android/tools/r8/s/a/a/e/a
instanceKlass com/android/tools/r8/s/a/a/e/b
instanceKlass com/android/tools/r8/s/a/a/a/o
instanceKlass com/android/tools/r8/s/a/a/d/e
instanceKlass com/android/tools/r8/graph/I$a
instanceKlass com/android/tools/r8/v/c/L
instanceKlass com/android/tools/r8/C/a/a/q
instanceKlass com/android/builder/dexing/MutableDependencyGraph$addEdge$3
instanceKlass com/android/builder/dexing/MutableDependencyGraph$addEdge$2
instanceKlass com/android/tools/r8/ProgramResource$FileResource
instanceKlass com/android/builder/dexing/D8DesugarGraphConsumerAdapter
instanceKlass com/android/tools/r8/utils/r
instanceKlass com/android/builder/dexing/DirectoryBasedClassFileInput$$Lambda$1856
instanceKlass com/android/builder/dexing/FileBasedClassFileEntry
instanceKlass com/android/builder/dexing/DirectoryBasedClassFileInput$$Lambda$1861
instanceKlass com/android/builder/dexing/DirectoryBasedClassFileInput$$Lambda$1859
instanceKlass com/android/builder/dexing/DirectoryBasedClassFileInput$$Lambda$1860
instanceKlass com/android/builder/dexing/DirectoryBasedClassFileInput$$Lambda$1858
instanceKlass com/android/builder/dexing/DirectoryBasedClassFileInput$$Lambda$1857
instanceKlass com/android/builder/dexing/DirectoryBasedClassFileInput
instanceKlass com/android/builder/dexing/ClassBucket$getClassFiles$1
instanceKlass com/android/builder/dexing/MutableDependencyGraph$Companion
instanceKlass com/android/builder/dexing/MutableDependencyGraph
instanceKlass com/android/build/gradle/internal/dexing/DexWorkActionKt$WhenMappings
instanceKlass com/android/build/gradle/internal/dexing/DexWorkActionKt
instanceKlass com/android/builder/dexing/JarBucketGroup$Companion
instanceKlass com/android/build/gradle/internal/dexing/DexParametersForWorkers$Companion
instanceKlass com/android/build/gradle/internal/dexing/DexParametersForWorkers
instanceKlass com/android/build/gradle/internal/dexing/IncrementalDexSpec$Companion
instanceKlass com/android/build/gradle/internal/dexing/IncrementalDexSpec
instanceKlass com/android/build/gradle/internal/tasks/DexArchiveBuilderTaskDelegate$convertToDexArchive$2
instanceKlass com/android/builder/dexing/ClassBucket$Companion
instanceKlass com/android/builder/dexing/ClassBucket
instanceKlass com/android/builder/dexing/DirectoryBucketGroup$Companion
instanceKlass com/android/builder/dexing/ClassBucketGroup$Companion
instanceKlass com/android/builder/dexing/ClassBucketGroup
instanceKlass com/android/build/gradle/internal/tasks/DexArchiveBuilderTaskDelegate$ClasspathServiceKey
instanceKlass com/android/tools/r8/DirectoryClassFileProvider
instanceKlass com/android/build/gradle/internal/tasks/DexArchiveBuilderTaskDelegateKt
instanceKlass com/android/build/gradle/internal/tasks/DesugarIncrementalHelper$$Lambda$1855
instanceKlass com/android/builder/desugaring/DesugaringGraph
instanceKlass com/android/builder/desugaring/DesugaringGraphs
instanceKlass com/android/build/gradle/internal/tasks/DesugarIncrementalHelper$$Lambda$1854
instanceKlass com/android/build/gradle/internal/tasks/DesugarIncrementalHelper$$Lambda$1853
instanceKlass com/android/build/gradle/internal/tasks/DexArchiveBuilderTaskDelegate$desugarIncrementalHelper$1
instanceKlass com/android/build/gradle/internal/tasks/DesugarIncrementalHelper
instanceKlass kotlin/jvm/internal/ArrayIterator
instanceKlass kotlin/jvm/internal/ArrayIteratorKt
instanceKlass kotlin/sequences/FlatteningSequence$iterator$1
instanceKlass kotlin/sequences/FlatteningSequence
instanceKlass com/android/tools/r8/code/x1$a
instanceKlass kotlin/collections/ArraysKt___ArraysKt$asSequence$$inlined$Sequence$1
instanceKlass com/android/build/gradle/internal/tasks/DexArchiveBuilderTaskDelegate$OutputMapping
instanceKlass com/android/ide/common/internal/WaitableExecutor
instanceKlass com/android/tools/r8/dex/n$$Lambda$1852
instanceKlass com/android/build/gradle/internal/tasks/DexArchiveBuilderTaskDelegate$Companion
instanceKlass com/android/tools/r8/dex/n$$Lambda$1850
instanceKlass com/android/tools/r8/dex/n$$Lambda$1851
instanceKlass java/lang/invoke/LambdaForm$DMH
instanceKlass java/lang/invoke/LambdaForm$DMH
instanceKlass java/lang/invoke/LambdaForm$DMH
instanceKlass com/android/build/gradle/internal/tasks/DexArchiveBuilderTaskDelegate
instanceKlass java/util/AbstractList$SubList$1
instanceKlass com/android/tools/r8/code/L
instanceKlass com/android/tools/r8/code/K
instanceKlass com/android/tools/r8/dex/n$c
instanceKlass com/android/build/gradle/internal/dexing/DxDexParameters$Companion
instanceKlass com/android/tools/r8/dex/n$$Lambda$1849
instanceKlass com/android/tools/r8/dex/n$$Lambda$1848
instanceKlass com/android/tools/r8/dex/n$$Lambda$1846
instanceKlass com/android/tools/r8/dex/n$$Lambda$1845
instanceKlass com/android/tools/r8/dex/n$$Lambda$1847
instanceKlass com/android/tools/r8/dex/n$$Lambda$1836
instanceKlass com/android/tools/r8/dex/n$$Lambda$1844
instanceKlass com/android/tools/r8/dex/n$$Lambda$1843
instanceKlass com/android/tools/r8/dex/n$$Lambda$1842
instanceKlass com/android/tools/r8/dex/n$$Lambda$1841
instanceKlass com/android/tools/r8/dex/n$$Lambda$1840
instanceKlass com/android/tools/r8/dex/n$$Lambda$1839
instanceKlass com/android/tools/r8/dex/n$$Lambda$1838
instanceKlass com/android/tools/r8/dex/n$$Lambda$1835
instanceKlass com/android/tools/r8/dex/n$$Lambda$1837
instanceKlass com/android/tools/r8/dex/n$$Lambda$1834
instanceKlass com/android/tools/r8/dex/n$$Lambda$1833
instanceKlass com/android/tools/r8/dex/n$$Lambda$1831
instanceKlass com/android/tools/r8/dex/n$d
instanceKlass com/android/tools/r8/dex/n$$Lambda$1832
instanceKlass com/android/tools/r8/dex/n$$Lambda$1830
instanceKlass com/android/tools/r8/dex/n$$Lambda$1829
instanceKlass com/android/tools/r8/dex/n$$Lambda$1828
instanceKlass com/android/tools/r8/dex/n$$Lambda$1827
instanceKlass com/android/tools/r8/dex/n$$Lambda$1826
instanceKlass com/android/tools/r8/dex/n$$Lambda$1825
instanceKlass com/android/tools/r8/dex/n$$Lambda$1824
instanceKlass com/android/tools/r8/dex/n$$Lambda$1823
instanceKlass com/android/tools/r8/dex/n$$Lambda$1822
instanceKlass com/android/tools/r8/dex/n$$Lambda$1813
instanceKlass com/android/tools/r8/dex/n$$Lambda$1821
instanceKlass com/android/tools/r8/dex/n$$Lambda$1820
instanceKlass com/android/tools/r8/dex/n$$Lambda$1819
instanceKlass com/android/tools/r8/dex/n$$Lambda$1816
instanceKlass com/android/tools/r8/dex/n$$Lambda$1817
instanceKlass com/android/tools/r8/dex/n$$Lambda$1818
instanceKlass com/android/tools/r8/dex/n$$Lambda$1815
instanceKlass com/android/tools/r8/dex/n$$Lambda$1814
instanceKlass com/android/tools/r8/dex/n$b
instanceKlass com/android/build/gradle/internal/tasks/DexArchiveBuilderTaskKt
instanceKlass com/android/tools/r8/dex/a$a$$Lambda$1812
instanceKlass com/android/tools/r8/dex/a$a$$Lambda$1811
instanceKlass com/android/tools/r8/dex/a$a$$Lambda$1810
instanceKlass java/util/concurrent/ForkJoinPool$DefaultForkJoinWorkerThreadFactory$1
instanceKlass com/android/tools/r8/dex/a$a$$Lambda$1809
instanceKlass com/google/common/collect/SortedSetMultimap
instanceKlass com/google/common/collect/Multimaps
instanceKlass com/android/build/gradle/internal/dependency/ProvidedClasspathSubtractor$getFileToIds$info$1
instanceKlass org/gradle/api/internal/file/FilteredFileCollection$$Lambda$1808
instanceKlass com/android/tools/r8/dex/n$$Lambda$1807
instanceKlass com/android/tools/r8/dex/d$$Lambda$1806
instanceKlass com/android/tools/r8/s/a/b/m/a
instanceKlass com/android/tools/r8/s/a/b/g
instanceKlass com/android/tools/r8/dex/p
instanceKlass com/android/tools/r8/graph/D1
instanceKlass com/android/tools/r8/dex/n
instanceKlass com/android/tools/r8/utils/Z0
instanceKlass com/android/tools/r8/D8Command$Builder$$Lambda$1805
instanceKlass com/android/builder/dexing/D8DexArchiveMerger
instanceKlass com/android/builder/dexing/DexArchiveMerger
instanceKlass com/android/build/gradle/internal/transforms/DexMergerTransformCallable$1
instanceKlass com/android/build/gradle/internal/transforms/DexMergerTransformCallable
instanceKlass com/android/ide/common/process/BaseProcessOutputHandler$BaseProcessOutput
instanceKlass com/android/ide/common/blame/parser/DexParser
instanceKlass com/android/ide/common/blame/parser/PatternAwareOutputParser
instanceKlass com/android/ide/common/blame/parser/ToolOutputParser
instanceKlass com/android/ide/common/process/ProcessOutput
instanceKlass com/android/ide/common/process/BaseProcessOutputHandler
instanceKlass com/android/builder/dexing/DirDexArchive
instanceKlass com/android/builder/dexing/DexArchive
instanceKlass com/android/builder/dexing/DexArchives
instanceKlass com/android/builder/dexing/DexArchiveEntry
instanceKlass com/android/build/gradle/internal/tasks/DexMergingTaskDelegate$run$1$1
instanceKlass com/android/builder/dexing/DexEntryBucket$Companion
instanceKlass com/android/builder/dexing/DexEntryBucket
instanceKlass com/android/builder/dexing/DexEntry$Companion
instanceKlass com/android/build/gradle/options/ProjectOptions$$Lambda$1804
instanceKlass com/android/builder/dexing/DexEntry
instanceKlass com/android/builder/dexing/DexUtilsKt$getSortedFilesInDir$2$2
instanceKlass com/android/builder/dexing/DexUtilsKt$getSortedFilesInDir$$inlined$use$lambda$1
instanceKlass java/nio/file/Files$$Lambda$1803
instanceKlass java/nio/file/Files$$Lambda$1802
instanceKlass java/nio/file/FileTreeIterator
instanceKlass com/android/build/gradle/internal/tasks/DexMergingTaskDelegate$Companion
instanceKlass com/android/build/gradle/internal/tasks/DexMergingTask$doTaskAction$1
instanceKlass com/android/tools/r8/v/b/q$$Lambda$1801
instanceKlass com/android/tools/r8/utils/StringDiagnostic
instanceKlass com/android/tools/r8/ir/optimize/k$$Lambda$1800
instanceKlass com/android/tools/r8/s/a/a/b/f$i$a
instanceKlass com/android/tools/r8/utils/m0$$Lambda$1799
instanceKlass com/android/tools/r8/v/a/t/t$$Lambda$1798
instanceKlass com/android/tools/r8/graph/S$j$$Lambda$1797
instanceKlass com/android/tools/r8/graph/S$j$$Lambda$1796
instanceKlass com/android/tools/r8/graph/S$j$$Lambda$1795
instanceKlass com/android/tools/r8/graph/S$j$$Lambda$1794
instanceKlass com/android/tools/r8/graph/S$j$$Lambda$1793
instanceKlass com/android/tools/r8/graph/S$j$$Lambda$1792
instanceKlass com/android/tools/r8/graph/S$j$$Lambda$1791
instanceKlass com/android/tools/r8/ir/conversion/S$$Lambda$1790
instanceKlass com/android/tools/r8/v/b/w1$$Lambda$1789
instanceKlass com/android/tools/r8/graph/J$$Lambda$1788
instanceKlass com/android/tools/r8/v/c/g$$Lambda$1787
instanceKlass com/android/tools/r8/v/c/g$$Lambda$1786
instanceKlass com/android/tools/r8/s/a/a/d/n
instanceKlass com/android/tools/r8/s/a/a/d/o
instanceKlass com/android/tools/r8/s/a/a/d/p
instanceKlass com/android/tools/r8/ByteDataView
instanceKlass com/android/tools/r8/dex/r$a
instanceKlass java/util/zip/Adler32
instanceKlass com/android/tools/r8/dex/r$$Lambda$1785
instanceKlass com/android/tools/r8/dex/r$$Lambda$1784
instanceKlass com/android/tools/r8/dex/r$$Lambda$1783
instanceKlass com/android/tools/r8/dex/r$$Lambda$1782
instanceKlass com/android/tools/r8/dex/r$$Lambda$1781
instanceKlass com/android/tools/r8/dex/r$$Lambda$1780
instanceKlass com/android/tools/r8/dex/r$$Lambda$1779
instanceKlass com/android/tools/r8/dex/r$$Lambda$1778
instanceKlass com/android/tools/r8/dex/r$$Lambda$1777
instanceKlass com/android/tools/r8/dex/r$$Lambda$1776
instanceKlass com/android/tools/r8/dex/r$$Lambda$1775
instanceKlass com/android/tools/r8/graph/C$$Lambda$1774
instanceKlass com/android/tools/r8/graph/C$$Lambda$1773
instanceKlass com/android/tools/r8/graph/C$$Lambda$1772
instanceKlass com/android/tools/r8/dex/r$$Lambda$1771
instanceKlass com/android/tools/r8/dex/r$$Lambda$1770
instanceKlass com/android/tools/r8/dex/r$$Lambda$1769
instanceKlass com/android/tools/r8/dex/r$$Lambda$1768
instanceKlass com/android/tools/r8/dex/r$$Lambda$1767
instanceKlass com/android/tools/r8/dex/r$$Lambda$1766
instanceKlass com/android/tools/r8/dex/r$$Lambda$1765
instanceKlass com/android/tools/r8/dex/r$$Lambda$1764
instanceKlass com/android/tools/r8/dex/r$$Lambda$1763
instanceKlass com/android/tools/r8/graph/v1$$Lambda$1762
instanceKlass com/android/tools/r8/graph/v1$$Lambda$1761
instanceKlass com/android/tools/r8/dex/r$$Lambda$1760
instanceKlass com/android/tools/r8/utils/o0$$Lambda$1759
instanceKlass com/android/tools/r8/utils/o0
instanceKlass com/android/tools/r8/dex/r$$Lambda$1758
instanceKlass com/android/tools/r8/dex/r$$Lambda$1757
instanceKlass com/android/tools/r8/dex/r$$Lambda$1756
instanceKlass com/android/tools/r8/dex/c
instanceKlass com/android/tools/r8/utils/Z
instanceKlass com/android/tools/r8/dex/r$$Lambda$1755
instanceKlass com/android/tools/r8/dex/r$$Lambda$1754
instanceKlass com/android/tools/r8/dex/r$$Lambda$1753
instanceKlass com/android/tools/r8/dex/r$$Lambda$1752
instanceKlass com/android/tools/r8/dex/r$$Lambda$1751
instanceKlass com/android/tools/r8/dex/r$$Lambda$1750
instanceKlass com/android/tools/r8/dex/r$$Lambda$1749
instanceKlass com/android/tools/r8/dex/r$$Lambda$1748
instanceKlass com/android/tools/r8/dex/r$$Lambda$1747
instanceKlass java/lang/invoke/LambdaForm$DMH
instanceKlass com/android/tools/r8/dex/l
instanceKlass com/android/tools/r8/utils/u0
instanceKlass com/android/tools/r8/dex/r$$Lambda$1746
instanceKlass com/android/tools/r8/naming/v
instanceKlass com/android/tools/r8/naming/v$d
instanceKlass com/android/tools/r8/graph/J1
instanceKlass com/android/tools/r8/dex/r$$Lambda$1745
instanceKlass com/android/tools/r8/dex/s
instanceKlass com/android/tools/r8/graph/C$$Lambda$1744
instanceKlass com/android/tools/r8/graph/n0$$Lambda$1743
instanceKlass com/android/tools/r8/graph/t1$$Lambda$1742
instanceKlass com/android/tools/r8/graph/g0$$Lambda$1741
instanceKlass com/android/tools/r8/w/a/a/a/h/V0$f
instanceKlass com/android/tools/r8/graph/n0$$Lambda$1740
instanceKlass com/android/tools/r8/w/a/a/a/h/N$f
instanceKlass com/android/tools/r8/dex/r$$Lambda$1739
instanceKlass com/android/tools/r8/utils/S$$Lambda$1738
instanceKlass com/android/tools/r8/graph/V$$Lambda$1737
instanceKlass com/android/tools/r8/utils/S$$Lambda$1736
instanceKlass com/android/tools/r8/graph/V$$Lambda$1735
instanceKlass com/android/tools/r8/graph/V$$Lambda$1734
instanceKlass com/android/tools/r8/graph/V$$Lambda$1733
instanceKlass com/android/tools/r8/w/a/a/a/h/U
instanceKlass com/android/tools/r8/w/a/a/a/h/P
instanceKlass com/android/tools/r8/dex/j
instanceKlass com/android/tools/r8/dex/m
instanceKlass com/android/tools/r8/graph/H1
instanceKlass com/android/tools/r8/dex/r
instanceKlass com/android/tools/r8/graph/C1$$Lambda$1732
instanceKlass com/android/tools/r8/graph/C1$$Lambda$1731
instanceKlass com/android/tools/r8/graph/C1$$Lambda$1730
instanceKlass com/android/tools/r8/graph/C1$$Lambda$1729
instanceKlass com/android/tools/r8/graph/C1$$Lambda$1728
instanceKlass com/android/tools/r8/graph/C1$$Lambda$1727
instanceKlass com/android/tools/r8/graph/C1$$Lambda$1726
instanceKlass com/android/tools/r8/w/a/a/a/h/a1
instanceKlass com/android/tools/r8/w/a/a/a/h/u1
instanceKlass com/android/tools/r8/graph/C1$$Lambda$1725
instanceKlass com/android/tools/r8/graph/C1$$Lambda$1724
instanceKlass com/android/tools/r8/graph/C1$$Lambda$1723
instanceKlass com/android/tools/r8/graph/C1$a
instanceKlass com/android/tools/r8/graph/C1
instanceKlass com/android/tools/r8/dex/b$$Lambda$1722
instanceKlass com/android/tools/r8/graph/a0$$Lambda$1721
instanceKlass com/android/tools/r8/graph/g0$$Lambda$1720
instanceKlass com/android/tools/r8/graph/E$$Lambda$1719
instanceKlass com/android/tools/r8/graph/n0$$Lambda$1718
instanceKlass com/android/tools/r8/dex/b$$Lambda$1717
instanceKlass com/android/tools/r8/w/a/a/a/h/Y$d
instanceKlass com/android/tools/r8/w/a/a/a/h/Y$f
instanceKlass com/android/tools/r8/dex/d$$Lambda$1716
instanceKlass com/android/tools/r8/dex/d$$Lambda$1715
instanceKlass com/android/tools/r8/w/a/a/a/h/V$a
instanceKlass com/android/tools/r8/w/a/a/a/h/W
instanceKlass com/android/tools/r8/w/a/a/a/h/f
instanceKlass com/android/tools/r8/w/a/a/a/h/V
instanceKlass com/android/tools/r8/dex/d
instanceKlass com/android/tools/r8/w/a/a/a/g/q
instanceKlass com/android/tools/r8/w/a/a/a/h/c1
instanceKlass com/android/tools/r8/w/a/a/a/h/x
instanceKlass com/android/tools/r8/w/a/a/a/h/d1
instanceKlass com/android/tools/r8/graph/R0$$Lambda$1714
instanceKlass com/android/tools/r8/graph/R0$f
instanceKlass com/android/tools/r8/graph/W$$Lambda$1713
instanceKlass com/android/tools/r8/graph/W$$Lambda$1712
instanceKlass com/android/tools/r8/graph/n0$$Lambda$1711
instanceKlass com/android/tools/r8/graph/n0$$Lambda$1710
instanceKlass com/android/tools/r8/graph/n0$$Lambda$1709
instanceKlass com/android/tools/r8/s/a/a/b/J0
instanceKlass com/android/tools/r8/s/a/a/b/F0
instanceKlass com/android/tools/r8/dex/P$j
instanceKlass com/android/tools/r8/dex/P$i
instanceKlass com/android/tools/r8/dex/P$c$$Lambda$1708
instanceKlass com/android/tools/r8/dex/P$$Lambda$1707
instanceKlass com/android/tools/r8/naming/b
instanceKlass com/android/tools/r8/dex/P$g$$Lambda$1706
instanceKlass com/android/tools/r8/dex/P$g$$Lambda$1705
instanceKlass com/android/tools/r8/dex/P$g$$Lambda$1704
instanceKlass com/android/tools/r8/dex/P$g$$Lambda$1703
instanceKlass com/android/tools/r8/dex/P$g$$Lambda$1702
instanceKlass com/android/tools/r8/dex/P$g$$Lambda$1701
instanceKlass com/android/tools/r8/dex/P$g$$Lambda$1700
instanceKlass com/android/tools/r8/dex/P$g$$Lambda$1699
instanceKlass com/android/tools/r8/dex/P$g$$Lambda$1698
instanceKlass com/android/tools/r8/ir/conversion/W
instanceKlass com/android/tools/r8/dex/P$g
instanceKlass com/android/tools/r8/dex/P$k
instanceKlass com/android/tools/r8/dex/v
instanceKlass com/android/tools/r8/dex/P
instanceKlass com/android/tools/r8/dex/b$$Lambda$1697
instanceKlass com/android/tools/r8/s/a/b/k
instanceKlass com/android/tools/r8/s/a/b/l/g/w
instanceKlass com/android/tools/r8/s/a/b/m/c
instanceKlass com/android/tools/r8/dex/B$$Lambda$1696
instanceKlass com/android/tools/r8/dex/B$$Lambda$1695
instanceKlass com/android/tools/r8/dex/i
instanceKlass com/android/tools/r8/dex/E
instanceKlass com/android/tools/r8/dex/P$b
instanceKlass com/android/tools/r8/dex/F
instanceKlass com/android/tools/r8/dex/b
instanceKlass com/android/tools/r8/E/f$a
instanceKlass com/android/tools/r8/s/a/a/b/f$a$b
instanceKlass java/lang/invoke/LambdaForm$MH
instanceKlass java/lang/invoke/LambdaForm$DMH
instanceKlass com/android/tools/r8/E/f$$Lambda$1694
instanceKlass java/lang/invoke/LambdaForm$DMH
instanceKlass com/android/tools/r8/E/e
instanceKlass com/android/tools/r8/E/f$$Lambda$1693
instanceKlass com/android/tools/r8/E/f$$Lambda$1692
instanceKlass com/android/tools/r8/E/f$$Lambda$1691
instanceKlass com/android/tools/r8/E/f$$Lambda$1690
instanceKlass com/android/tools/r8/E/f
instanceKlass com/android/tools/r8/z/d0
instanceKlass com/android/tools/r8/utils/a0$$Lambda$1689
instanceKlass com/android/tools/r8/naming/a0/c$$Lambda$1688
instanceKlass com/android/tools/r8/graph/G0$f
instanceKlass com/android/tools/r8/graph/G0$m
instanceKlass com/android/tools/r8/naming/a0/c
instanceKlass com/android/tools/r8/s/a/b/l/d$c
instanceKlass com/android/tools/r8/s/a/b/l/f
instanceKlass com/android/tools/r8/s/a/b/l/b
instanceKlass com/android/tools/r8/dex/B
instanceKlass com/android/tools/r8/graph/v1$$Lambda$1687
instanceKlass com/android/tools/r8/graph/v1$$Lambda$1686
instanceKlass com/android/tools/r8/v/c/v
instanceKlass com/android/tools/r8/v/c/u$$Lambda$1685
instanceKlass com/android/tools/r8/v/c/w
instanceKlass com/android/tools/r8/v/c/g$$Lambda$1684
instanceKlass com/android/tools/r8/v/c/e
instanceKlass com/android/tools/r8/v/c/g$$Lambda$1683
instanceKlass com/android/tools/r8/v/c/c
instanceKlass com/android/tools/r8/v/c/f
instanceKlass com/android/tools/r8/v/c/g
instanceKlass com/android/tools/r8/v/c/u$$Lambda$1682
instanceKlass com/android/tools/r8/v/c/o
instanceKlass com/android/tools/r8/s/a/a/b/r$$Lambda$1681
instanceKlass com/android/tools/r8/s/a/a/b/r$$Lambda$1680
instanceKlass com/android/tools/r8/s/a/a/b/r$$Lambda$1679
instanceKlass com/android/tools/r8/s/a/a/b/r$$Lambda$1678
instanceKlass com/android/tools/r8/s/a/a/b/r$$Lambda$1677
instanceKlass com/android/tools/r8/s/a/a/b/r$$Lambda$1676
instanceKlass com/android/tools/r8/s/a/a/b/r$$Lambda$1675
instanceKlass com/android/tools/r8/s/a/a/b/r$$Lambda$1674
instanceKlass com/android/tools/r8/s/a/a/b/r
instanceKlass com/android/tools/r8/v/c/Q$$Lambda$1673
instanceKlass com/android/tools/r8/v/c/G$a
instanceKlass java/util/IdentityHashMap$IdentityHashMapSpliterator
instanceKlass com/android/tools/r8/v/c/Q$$Lambda$1672
instanceKlass com/android/tools/r8/utils/B1/j$$Lambda$1671
instanceKlass com/android/tools/r8/ir/optimize/Z$$Lambda$1670
instanceKlass java/lang/invoke/LambdaForm$DMH
instanceKlass com/android/tools/r8/ir/regalloc/a$$Lambda$1669
instanceKlass com/android/tools/r8/ir/conversion/q
instanceKlass org/apache/commons/codec/binary/BaseNCodec$Context
instanceKlass org/apache/commons/codec/binary/BaseNCodec
instanceKlass org/apache/commons/codec/BinaryDecoder
instanceKlass org/apache/commons/codec/Decoder
instanceKlass org/apache/commons/codec/BinaryEncoder
instanceKlass org/apache/commons/codec/Encoder
instanceKlass com/google/common/hash/Hashing$Sha1Holder
instanceKlass com/google/common/collect/ImmutableSet$SerializedForm
instanceKlass com/android/tools/build/apkzlib/zip/ZFile$$Lambda$1668
instanceKlass com/android/tools/build/apkzlib/zip/ZFile$$Lambda$1667
instanceKlass com/android/tools/build/apkzlib/zip/Eocd$$Lambda$1666
instanceKlass com/android/build/gradle/internal/errors/MessageReceiverImplKt
instanceKlass com/android/build/gradle/internal/errors/MessageReceiverImpl$WhenMappings
instanceKlass com/android/tools/build/apkzlib/zip/ZFile$$Lambda$1665
instanceKlass com/android/tools/build/apkzlib/zip/ZFile$$Lambda$1664
instanceKlass com/android/tools/r8/ir/regalloc/a$$Lambda$1663
instanceKlass java/lang/invoke/LambdaForm$DMH
instanceKlass com/android/tools/r8/references/MethodReference$$Lambda$1662
instanceKlass com/android/tools/r8/errors/InterfaceDesugarMissingTypeDiagnostic
instanceKlass com/android/tools/r8/errors/DesugarDiagnostic
instanceKlass com/android/tools/r8/w/a/a/a/f/A
instanceKlass com/android/tools/r8/w/a/a/a/f/t
instanceKlass com/android/tools/r8/w/a/a/a/f/C
instanceKlass com/android/tools/r8/w/a/a/a/f/u
instanceKlass com/android/tools/r8/w/a/a/a/f/b
instanceKlass com/android/tools/r8/ir/regalloc/a$$Lambda$1661
instanceKlass com/android/tools/r8/graph/t0$a
instanceKlass com/android/tools/r8/utils/S
instanceKlass com/android/tools/r8/ir/conversion/o$$Lambda$1660
instanceKlass com/android/tools/r8/ir/conversion/o$$Lambda$1659
instanceKlass com/android/tools/r8/ir/conversion/o$$Lambda$1658
instanceKlass com/android/tools/r8/ir/regalloc/j$$Lambda$1657
instanceKlass com/android/tools/build/apkzlib/zip/ZFile$$Lambda$1656
instanceKlass com/android/tools/build/apkzlib/utils/CachedFileContents
instanceKlass com/android/tools/build/apkzlib/zip/ZFile$$Lambda$1655
instanceKlass com/android/builder/merge/IncrementalFileMerger$$Lambda$1654
instanceKlass com/android/tools/r8/ir/optimize/w$$Lambda$1653
instanceKlass com/android/tools/r8/ir/optimize/w$$Lambda$1652
instanceKlass com/android/tools/r8/ir/optimize/w$$Lambda$1651
instanceKlass com/android/tools/r8/ir/optimize/w$$Lambda$1650
instanceKlass com/android/tools/r8/r/o/o
instanceKlass com/android/builder/merge/IncrementalFileMergerState$Builder$$Lambda$1649
instanceKlass com/android/tools/build/apkzlib/zip/ZFile$$Lambda$1648
instanceKlass com/android/tools/build/apkzlib/zip/FileUseMap$1
instanceKlass com/android/tools/build/apkzlib/zip/ZFile$3
instanceKlass com/android/tools/build/apkzlib/zip/ZFile$$Lambda$1647
instanceKlass com/google/common/util/concurrent/Futures$CallbackListener
instanceKlass com/android/tools/build/apkzlib/zip/ZFile$2
instanceKlass com/android/tools/build/apkzlib/zip/CompressionResult
instanceKlass com/android/tools/build/apkzlib/zip/compress/ExecutorCompressor$$Lambda$1646
instanceKlass com/android/tools/build/apkzlib/zip/utils/MsDosDateTimeUtils
instanceKlass com/google/common/primitives/UnsignedInts
instanceKlass com/google/common/hash/Funnel
instanceKlass com/google/common/hash/Funnels
instanceKlass com/android/tools/r8/ir/regalloc/j$$Lambda$1645
instanceKlass com/google/common/hash/ImmutableSupplier
instanceKlass com/android/tools/r8/ir/conversion/J
instanceKlass com/android/tools/r8/v/a/t/t$$Lambda$1644
instanceKlass com/android/tools/r8/v/a/t/t$$Lambda$1643
instanceKlass com/android/tools/r8/v/a/t/t
instanceKlass com/android/tools/r8/graph/h0$$Lambda$1642
instanceKlass com/android/builder/merge/StreamMergeAlgorithms$$Lambda$1641
instanceKlass com/android/builder/merge/StreamMergeAlgorithms$$Lambda$1640
instanceKlass com/android/build/gradle/internal/tasks/MergeJavaResourcesDelegate$WhenMappings
instanceKlass com/google/common/collect/Lists$ReverseList$1
instanceKlass com/android/builder/merge/IncrementalFileMergerOutputs$1$$Lambda$1639
instanceKlass com/android/builder/merge/IncrementalFileMerger$$Lambda$1638
instanceKlass com/android/tools/r8/ir/conversion/C
instanceKlass com/android/tools/r8/s/a/a/b/Q0
instanceKlass com/android/build/gradle/internal/packaging/ParsedPackagingOptions$getAction$3
instanceKlass com/android/tools/r8/ir/conversion/L$$Lambda$1637
instanceKlass com/android/tools/r8/graph/h0$$Lambda$1636
instanceKlass com/android/build/gradle/internal/packaging/ParsedPackagingOptions$getAction$2
instanceKlass com/android/tools/r8/ir/conversion/K
instanceKlass com/android/tools/r8/ir/optimize/Z$$Lambda$1635
instanceKlass com/android/tools/r8/ir/regalloc/f
instanceKlass com/android/tools/r8/graph/h0$$Lambda$1634
instanceKlass com/android/build/gradle/internal/packaging/ParsedPackagingOptions$getAction$1
instanceKlass com/google/common/collect/CollectSpliterators$1WithCharacteristics$$Lambda$1633
instanceKlass com/android/utils/ImmutableCollectors$$Lambda$1632
instanceKlass com/android/tools/r8/code/g0
instanceKlass com/android/utils/ImmutableCollectors$$Lambda$1631
instanceKlass com/android/utils/ImmutableCollectors$$Lambda$1630
instanceKlass com/android/utils/ImmutableCollectors$$Lambda$1629
instanceKlass com/android/utils/ImmutableCollectors
instanceKlass com/android/tools/r8/v/b/o$$Lambda$1628
instanceKlass com/android/tools/r8/ir/regalloc/g
instanceKlass com/android/tools/r8/ir/regalloc/j$$Lambda$1627
instanceKlass com/android/tools/r8/ir/regalloc/j$$Lambda$1626
instanceKlass com/android/tools/r8/ir/regalloc/j$$Lambda$1625
instanceKlass com/android/tools/r8/ir/regalloc/j$$Lambda$1624
instanceKlass com/android/tools/r8/ir/regalloc/j$$Lambda$1623
instanceKlass com/android/tools/r8/ir/regalloc/j$$Lambda$1622
instanceKlass com/android/tools/r8/ir/regalloc/j$$Lambda$1621
instanceKlass com/android/tools/r8/ir/regalloc/j$$Lambda$1620
instanceKlass com/android/tools/r8/ir/regalloc/i
instanceKlass com/android/tools/r8/v/b/o$$Lambda$1619
instanceKlass java/lang/invoke/LambdaForm$DMH
instanceKlass com/android/tools/r8/s/a/a/b/r1
instanceKlass com/android/tools/r8/s/a/a/b/q1
instanceKlass com/android/tools/r8/s/a/a/b/p1$a
instanceKlass com/android/tools/r8/s/a/a/b/y
instanceKlass com/android/tools/r8/s/a/a/b/i
instanceKlass com/android/tools/r8/ir/conversion/S$$Lambda$1618
instanceKlass com/android/tools/r8/ir/optimize/e0$$Lambda$1617
instanceKlass com/android/tools/r8/v/b/w1$$Lambda$1616
instanceKlass com/android/tools/r8/v/b/w1$$Lambda$1615
instanceKlass com/android/tools/r8/graph/J$$Lambda$1614
instanceKlass com/android/tools/r8/ir/optimize/i0$$Lambda$1613
instanceKlass com/android/tools/r8/v/b/p$$Lambda$1612
instanceKlass com/android/tools/r8/v/b/p$$Lambda$1611
instanceKlass com/android/tools/r8/v/b/o$$Lambda$1610
instanceKlass com/android/tools/r8/ir/optimize/Z$$Lambda$1609
instanceKlass com/android/tools/r8/references/ArrayReference
instanceKlass com/android/tools/r8/ir/conversion/S$e
instanceKlass com/android/tools/r8/v/a/t/a$$Lambda$1608
instanceKlass com/android/tools/r8/ir/optimize/k$$Lambda$1607
instanceKlass com/android/tools/r8/ir/optimize/c0$$Lambda$1606
instanceKlass com/android/tools/r8/v/b/w1$$Lambda$1605
instanceKlass com/android/tools/r8/s/a/a/b/m
instanceKlass com/android/tools/r8/ir/conversion/y0
instanceKlass com/android/tools/r8/ir/optimize/k$$Lambda$1604
instanceKlass com/android/tools/r8/s/a/a/b/O0
instanceKlass com/android/tools/r8/v/b/o0$$Lambda$1603
instanceKlass com/android/tools/r8/v/a/t/a$$Lambda$1602
instanceKlass com/google/common/collect/CollectSpliterators$1WithCharacteristics
instanceKlass com/android/tools/r8/ir/optimize/x
instanceKlass com/android/tools/r8/ir/optimize/x$b
instanceKlass com/android/tools/r8/graph/U
instanceKlass com/android/tools/r8/graph/h0$$Lambda$1601
instanceKlass com/android/tools/r8/graph/h0$$Lambda$1600
instanceKlass com/android/tools/r8/graph/h0$$Lambda$1597
instanceKlass com/android/tools/r8/graph/h0$$Lambda$1595
instanceKlass com/android/tools/r8/graph/h0$$Lambda$1599
instanceKlass com/android/tools/r8/graph/h0$$Lambda$1598
instanceKlass com/android/tools/r8/graph/h0$$Lambda$1596
instanceKlass com/android/tools/r8/w/a/a/a/f/V
instanceKlass com/android/tools/r8/graph/T
instanceKlass com/android/tools/r8/ir/optimize/k$$Lambda$1590
instanceKlass com/android/tools/r8/ir/optimize/k$$Lambda$1594
instanceKlass com/android/tools/r8/ir/optimize/k$$Lambda$1593
instanceKlass com/android/tools/r8/ir/optimize/k$$Lambda$1592
instanceKlass com/android/tools/r8/ir/optimize/k$$Lambda$1591
instanceKlass com/android/tools/r8/ir/optimize/m$$Lambda$1589
instanceKlass com/android/tools/r8/w/a/a/a/h/a0$d
instanceKlass com/android/tools/r8/w/a/a/a/h/a0$f
instanceKlass com/android/tools/r8/ir/conversion/G
instanceKlass com/android/tools/r8/ir/conversion/L
instanceKlass java/util/stream/SliceOps
instanceKlass com/android/tools/r8/ir/optimize/J$$Lambda$1588
instanceKlass java/lang/invoke/LambdaForm$DMH
instanceKlass java/lang/invoke/LambdaForm$DMH
instanceKlass com/android/tools/r8/ir/optimize/J
instanceKlass com/android/tools/r8/ir/optimize/Z
instanceKlass com/android/tools/r8/v/b/o0$$Lambda$1587
instanceKlass com/android/tools/r8/v/b/o0$$Lambda$1586
instanceKlass com/android/tools/r8/v/b/o0$$Lambda$1585
instanceKlass com/android/tools/r8/v/b/o$$Lambda$1584
instanceKlass com/android/tools/r8/ir/regalloc/a$$Lambda$1583
instanceKlass com/android/tools/r8/ir/regalloc/a$$Lambda$1582
instanceKlass com/android/tools/r8/ir/regalloc/a$$Lambda$1581
instanceKlass com/android/tools/r8/ir/regalloc/a$$Lambda$1580
instanceKlass com/android/tools/r8/v/c/i0/e$$Lambda$1579
instanceKlass com/android/tools/r8/ir/regalloc/a$$Lambda$1578
